<?xml version="1.0" encoding="UTF-8"?>
<robot generator="Robot 7.2.2 (Python 3.13.3 on win32)" generated="2025-05-26T21:30:28.233379" rpa="false" schemaversion="5">
<suite id="s1" name="Sauce Robot framework" source="C:\Sauce_Robot_framework">
<suite id="s1-s1" name="Tests" source="C:\Sauce_Robot_framework\Tests">
<suite id="s1-s1-s1" name="CheckoutTest" source="C:\Sauce_Robot_framework\Tests\CheckoutTest.robot">
<test id="s1-s1-s1-t1" name="blank_fname" line="17">
<kw name="Open the Browser with the URL" owner="GenericResources" type="SETUP">
<kw name="Evaluate" owner="BuiltIn">
<msg time="2025-05-26T21:30:28.672853" level="INFO">${options} = &lt;selenium.webdriver.chrome.options.Options object at 0x000002944EFDF620&gt;</msg>
<var>${options}</var>
<arg>sys.modules['selenium.webdriver'].ChromeOptions()</arg>
<arg>sys, selenium.webdriver</arg>
<doc>Evaluates the given expression in Python and returns the result.</doc>
<status status="PASS" start="2025-05-26T21:30:28.672175" elapsed="0.000760"/>
</kw>
<kw name="Call Method" owner="BuiltIn">
<arg>${options}</arg>
<arg>add_argument</arg>
<arg>--incognito</arg>
<doc>Calls the named method of the given object with the provided arguments.</doc>
<status status="PASS" start="2025-05-26T21:30:28.673198" elapsed="0.000260"/>
</kw>
<kw name="Call Method" owner="BuiltIn">
<arg>${options}</arg>
<arg>add_argument</arg>
<arg>--disable-extensions</arg>
<doc>Calls the named method of the given object with the provided arguments.</doc>
<status status="PASS" start="2025-05-26T21:30:28.673645" elapsed="0.000204"/>
</kw>
<kw name="Call Method" owner="BuiltIn">
<arg>${options}</arg>
<arg>add_argument</arg>
<arg>--disable-notifications</arg>
<doc>Calls the named method of the given object with the provided arguments.</doc>
<status status="PASS" start="2025-05-26T21:30:28.674026" elapsed="0.000193"/>
</kw>
<kw name="Call Method" owner="BuiltIn">
<arg>${options}</arg>
<arg>add_argument</arg>
<arg>--disable-popup-blocking</arg>
<doc>Calls the named method of the given object with the provided arguments.</doc>
<status status="PASS" start="2025-05-26T21:30:28.674386" elapsed="0.000220"/>
</kw>
<kw name="Call Method" owner="BuiltIn">
<arg>${options}</arg>
<arg>add_argument</arg>
<arg>--start-maximized</arg>
<doc>Calls the named method of the given object with the provided arguments.</doc>
<status status="PASS" start="2025-05-26T21:30:28.674894" elapsed="0.002690"/>
</kw>
<kw name="Evaluate" owner="BuiltIn">
<msg time="2025-05-26T21:30:28.679983" level="INFO">${prefs} = {'credentials_enable_service': False, 'profile.password_manager_enabled': False}</msg>
<var>${prefs}</var>
<arg>{"credentials_enable_service": False, "profile.password_manager_enabled": False}</arg>
<doc>Evaluates the given expression in Python and returns the result.</doc>
<status status="PASS" start="2025-05-26T21:30:28.679294" elapsed="0.000792"/>
</kw>
<kw name="Call Method" owner="BuiltIn">
<arg>${options}</arg>
<arg>add_experimental_option</arg>
<arg>prefs</arg>
<arg>${prefs}</arg>
<doc>Calls the named method of the given object with the provided arguments.</doc>
<status status="PASS" start="2025-05-26T21:30:28.680351" elapsed="0.000525"/>
</kw>
<kw name="Create Webdriver" owner="SeleniumLibrary">
<msg time="2025-05-26T21:30:28.681483" level="INFO">Creating an instance of the Chrome WebDriver.</msg>
<arg>Chrome</arg>
<arg>options=${options}</arg>
<doc>Creates an instance of Selenium WebDriver.</doc>
<status status="PASS" start="2025-05-26T21:30:28.681234" elapsed="25.239881"/>
</kw>
<kw name="Go To" owner="SeleniumLibrary">
<msg time="2025-05-26T21:30:53.921942" level="INFO">Opening url 'https://www.saucedemo.com/inventory.html'</msg>
<arg>${url}</arg>
<doc>Navigates the current browser window to the provided ``url``.</doc>
<status status="PASS" start="2025-05-26T21:30:53.921527" elapsed="1.383917"/>
</kw>
<status status="PASS" start="2025-05-26T21:30:28.670596" elapsed="26.636876"/>
</kw>
<kw name="Invalid checkout with">
<kw name="Valid Login" owner="GenericResources">
<kw name="Input Text" owner="SeleniumLibrary">
<msg time="2025-05-26T21:30:55.359768" level="INFO">Typing text 'standard_user' into text field 'id=user-name'.</msg>
<arg>id=user-name</arg>
<arg>${valid_uname}</arg>
<doc>Types the given ``text`` into the text field identified by ``locator``.</doc>
<status status="PASS" start="2025-05-26T21:30:55.355115" elapsed="6.386184"/>
</kw>
<kw name="Input Password" owner="SeleniumLibrary">
<msg time="2025-05-26T21:31:01.742292" level="INFO">Typing password into text field 'id=password'.</msg>
<msg time="2025-05-26T21:31:01.799613" level="INFO">Temporally setting log level to: NONE</msg>
<arg>id=password</arg>
<arg>${valid_pass}</arg>
<doc>Types the given password into the text field identified by ``locator``.</doc>
<status status="PASS" start="2025-05-26T21:31:01.741740" elapsed="0.144018"/>
</kw>
<kw name="Click Button" owner="SeleniumLibrary">
<msg time="2025-05-26T21:31:01.886318" level="INFO">Clicking button 'id=login-button'.</msg>
<arg>${login_btn}</arg>
<doc>Clicks the button identified by ``locator``.</doc>
<status status="PASS" start="2025-05-26T21:31:01.885980" elapsed="0.303006"/>
</kw>
<arg>${valid_uname}</arg>
<arg>${valid_pass}</arg>
<status status="PASS" start="2025-05-26T21:30:55.350695" elapsed="6.838828"/>
</kw>
<kw name="Verify the product page opens" owner="CheckoutResources">
<kw name="Element Should Contain" owner="SeleniumLibrary">
<msg time="2025-05-26T21:31:02.248400" level="INFO">Element 'xpath=//div[text()='Sauce Labs Backpack']' contains text 'Sauce Labs Backpack'.</msg>
<arg>${sauce_lab_bag}</arg>
<arg>Sauce Labs Backpack</arg>
<doc>Verifies that element ``locator`` contains text ``expected``.</doc>
<status status="PASS" start="2025-05-26T21:31:02.191177" elapsed="0.057354"/>
</kw>
<kw name="Click Button" owner="SeleniumLibrary">
<msg time="2025-05-26T21:31:02.249022" level="INFO">Clicking button 'xpath=//button[@id='add-to-cart-sauce-labs-backpack']'.</msg>
<arg>xpath=//button[@id='add-to-cart-sauce-labs-backpack']</arg>
<doc>Clicks the button identified by ``locator``.</doc>
<status status="PASS" start="2025-05-26T21:31:02.248774" elapsed="0.133634"/>
</kw>
<kw name="Click Element" owner="SeleniumLibrary">
<msg time="2025-05-26T21:31:02.383122" level="INFO">Clicking element 'class=shopping_cart_link'.</msg>
<arg>class=shopping_cart_link</arg>
<doc>Click the element identified by ``locator``.</doc>
<status status="PASS" start="2025-05-26T21:31:02.382695" elapsed="0.132895"/>
</kw>
<kw name="Sleep" owner="BuiltIn">
<msg time="2025-05-26T21:31:04.517118" level="INFO">Slept 2 seconds.</msg>
<arg>2</arg>
<doc>Pauses the test executed for the given time.</doc>
<status status="PASS" start="2025-05-26T21:31:02.515969" elapsed="2.001496"/>
</kw>
<kw name="Click Button" owner="SeleniumLibrary">
<msg time="2025-05-26T21:31:04.518844" level="INFO">Clicking button 'id=checkout'.</msg>
<arg>id=checkout</arg>
<doc>Clicks the button identified by ``locator``.</doc>
<status status="PASS" start="2025-05-26T21:31:04.518100" elapsed="0.193446"/>
</kw>
<status status="PASS" start="2025-05-26T21:31:02.190197" elapsed="2.521590"/>
</kw>
<kw name="Input Text" owner="SeleniumLibrary">
<msg time="2025-05-26T21:31:04.712433" level="INFO">Typing text '' into text field 'xpath=//input[@id="first-name"]'.</msg>
<arg>xpath=//input[@id="first-name"]</arg>
<arg>${Firstname}</arg>
<doc>Types the given ``text`` into the text field identified by ``locator``.</doc>
<status status="PASS" start="2025-05-26T21:31:04.712013" elapsed="0.143291"/>
</kw>
<kw name="Input Text" owner="SeleniumLibrary">
<msg time="2025-05-26T21:31:04.856206" level="INFO">Typing text 'ravi' into text field 'xpath=//input[@id="last-name"]'.</msg>
<arg>xpath=//input[@id="last-name"]</arg>
<arg>${Lastname}</arg>
<doc>Types the given ``text`` into the text field identified by ``locator``.</doc>
<status status="PASS" start="2025-05-26T21:31:04.855715" elapsed="0.154303"/>
</kw>
<kw name="Input Text" owner="SeleniumLibrary">
<msg time="2025-05-26T21:31:05.010723" level="INFO">Typing text '123' into text field 'xpath=//input[@id="postal-code"]'.</msg>
<arg>xpath=//input[@id="postal-code"]</arg>
<arg>${Zipcode}</arg>
<doc>Types the given ``text`` into the text field identified by ``locator``.</doc>
<status status="PASS" start="2025-05-26T21:31:05.010245" elapsed="0.218048"/>
</kw>
<kw name="Click Button" owner="SeleniumLibrary">
<msg time="2025-05-26T21:31:05.229630" level="INFO">Clicking button 'xpath="//input[@id="continue"]"'.</msg>
<msg time="2025-05-26T21:31:05.502011" level="INFO" html="true">&lt;/td&gt;&lt;/tr&gt;&lt;tr&gt;&lt;td colspan="3"&gt;&lt;a href="selenium-screenshot-1.png"&gt;&lt;img src="selenium-screenshot-1.png" width="800px"&gt;&lt;/a&gt;</msg>
<msg time="2025-05-26T21:31:05.502487" level="FAIL">InvalidSelectorException: Message: invalid selector: Unable to locate an element with the xpath expression "//input[@id="continue"]" because of the following error:
SyntaxError: Failed to execute 'evaluate' on 'Document': The string '"//input[@id="continue"]"' is not a valid XPath expression.
  (Session info: chrome=136.0.7103.114); For documentation on this error, please visit: https://www.selenium.dev/documentation/webdriver/troubleshooting/errors#invalid-selector-exception
Stacktrace:
	GetHandleVerifier [0x00007FF67168CF45+75717]
	GetHandleVerifier [0x00007FF67168CFA0+75808]
	(No symbol) [0x00007FF671458F9A]
	(No symbol) [0x00007FF671460998]
	(No symbol) [0x00007FF671463A0C]
	(No symbol) [0x00007FF671463ADF]
	(No symbol) [0x00007FF6714AED77]
	(No symbol) [0x00007FF6714AF77C]
	(No symbol) [0x00007FF6715025A7]
	(No symbol) [0x00007FF6714D73BF]
	(No symbol) [0x00007FF6714FF39C]
	(No symbol) [0x00007FF6714D7153]
	(No symbol) [0x00007FF6714A0421]
	(No symbol) [0x00007FF6714A11B3]
	GetHandleVerifier [0x00007FF67198D71D+3223453]
	GetHandleVerifier [0x00007FF671987CC2+3200322]
	GetHandleVerifier [0x00007FF6719A5AF3+3322739]
	GetHandleVerifier [0x00007FF6716A6A1A+180890]
	GetHandleVerifier [0x00007FF6716AE11F+211359]
	GetHandleVerifier [0x00007FF671695294+109332]
	GetHandleVerifier [0x00007FF671695442+109762]
	GetHandleVerifier [0x00007FF67167BA59+4825]
	BaseThreadInitThunk [0x00007FFC77137374+20]
	RtlUserThreadStart [0x00007FFC7867CC91+33]
</msg>
<arg>xpath="//input[@id="continue"]"</arg>
<doc>Clicks the button identified by ``locator``.</doc>
<status status="FAIL" start="2025-05-26T21:31:05.229057" elapsed="0.286727">InvalidSelectorException: Message: invalid selector: Unable to locate an element with the xpath expression "//input[@id="continue"]" because of the following error:
SyntaxError: Failed to execute 'evaluate' on 'Document': The string '"//input[@id="continue"]"' is not a valid XPath expression.
  (Session info: chrome=136.0.7103.114); For documentation on this error, please visit: https://www.selenium.dev/documentation/webdriver/troubleshooting/errors#invalid-selector-exception
Stacktrace:
	GetHandleVerifier [0x00007FF67168CF45+75717]
	GetHandleVerifier [0x00007FF67168CFA0+75808]
	(No symbol) [0x00007FF671458F9A]
	(No symbol) [0x00007FF671460998]
	(No symbol) [0x00007FF671463A0C]
	(No symbol) [0x00007FF671463ADF]
	(No symbol) [0x00007FF6714AED77]
	(No symbol) [0x00007FF6714AF77C]
	(No symbol) [0x00007FF6715025A7]
	(No symbol) [0x00007FF6714D73BF]
	(No symbol) [0x00007FF6714FF39C]
	(No symbol) [0x00007FF6714D7153]
	(No symbol) [0x00007FF6714A0421]
	(No symbol) [0x00007FF6714A11B3]
	GetHandleVerifier [0x00007FF67198D71D+3223453]
	GetHandleVerifier [0x00007FF671987CC2+3200322]
	GetHandleVerifier [0x00007FF6719A5AF3+3322739]
	GetHandleVerifier [0x00007FF6716A6A1A+180890]
	GetHandleVerifier [0x00007FF6716AE11F+211359]
	GetHandleVerifier [0x00007FF671695294+109332]
	GetHandleVerifier [0x00007FF671695442+109762]
	GetHandleVerifier [0x00007FF67167BA59+4825]
	BaseThreadInitThunk [0x00007FFC77137374+20]
	RtlUserThreadStart [0x00007FFC7867CC91+33]
</status>
</kw>
<if>
<branch type="IF" condition="'${Firstname}' == ''">
<kw name="Verify the firstname required message" owner="CheckoutResources">
<status status="NOT RUN" start="2025-05-26T21:31:05.516668" elapsed="0.000108"/>
</kw>
<status status="NOT RUN" start="2025-05-26T21:31:05.516212" elapsed="0.000701"/>
</branch>
<branch type="ELSE IF" condition="'${Lastname}' == ''">
<kw name="Verify the lastname required message" owner="CheckoutResources">
<status status="NOT RUN" start="2025-05-26T21:31:05.517494" elapsed="0.000142"/>
</kw>
<status status="NOT RUN" start="2025-05-26T21:31:05.517054" elapsed="0.000826"/>
</branch>
<branch type="ELSE IF" condition="'${Zipcode}' == ''">
<kw name="Verify the zipcode required message" owner="CheckoutResources">
<status status="NOT RUN" start="2025-05-26T21:31:05.518404" elapsed="0.000102"/>
</kw>
<status status="NOT RUN" start="2025-05-26T21:31:05.518034" elapsed="0.000595"/>
</branch>
<branch type="ELSE">
<kw name="Verify the success checkout message" owner="CheckoutResources">
<status status="NOT RUN" start="2025-05-26T21:31:05.519053" elapsed="0.000185"/>
</kw>
<status status="NOT RUN" start="2025-05-26T21:31:05.518762" elapsed="0.000593"/>
</branch>
<status status="NOT RUN" start="2025-05-26T21:31:05.516132" elapsed="0.003346"/>
</if>
<arg>Firstname=</arg>
<arg>Lastname=ravi</arg>
<arg>Zipcode=123</arg>
<status status="FAIL" start="2025-05-26T21:30:55.346457" elapsed="10.173394">InvalidSelectorException: Message: invalid selector: Unable to locate an element with the xpath expression "//input[@id="continue"]" because of the following error:
SyntaxError: Failed to execute 'evaluate' on 'Document': The string '"//input[@id="continue"]"' is not a valid XPath expression.
  (Session info: chrome=136.0.7103.114); For documentation on this error, please visit: https://www.selenium.dev/documentation/webdriver/troubleshooting/errors#invalid-selector-exception
Stacktrace:
	GetHandleVerifier [0x00007FF67168CF45+75717]
	GetHandleVerifier [0x00007FF67168CFA0+75808]
	(No symbol) [0x00007FF671458F9A]
	(No symbol) [0x00007FF671460998]
	(No symbol) [0x00007FF671463A0C]
	(No symbol) [0x00007FF671463ADF]
	(No symbol) [0x00007FF6714AED77]
	(No symbol) [0x00007FF6714AF77C]
	(No symbol) [0x00007FF6715025A7]
	(No symbol) [0x00007FF6714D73BF]
	(No symbol) [0x00007FF6714FF39C]
	(No symbol) [0x00007FF6714D7153]
	(No symbol) [0x00007FF6714A0421]
	(No symbol) [0x00007FF6714A11B3]
	GetHandleVerifier [0x00007FF67198D71D+3223453]
	GetHandleVerifier [0x00007FF671987CC2+3200322]
	GetHandleVerifier [0x00007FF6719A5AF3+3322739]
	GetHandleVerifier [0x00007FF6716A6A1A+180890]
	GetHandleVerifier [0x00007FF6716AE11F+211359]
	GetHandleVerifier [0x00007FF671695294+109332]
	GetHandleVerifier [0x00007FF671695442+109762]
	GetHandleVerifier [0x00007FF67167BA59+4825]
	BaseThreadInitThunk [0x00007FFC77137374+20]
	RtlUserThreadStart [0x00007FFC7867CC91+33]
</status>
</kw>
<kw name="Close Browser Session" owner="GenericResources" type="TEARDOWN">
<kw name="Close Browser" owner="SeleniumLibrary">
<doc>Closes the current browser.</doc>
<status status="PASS" start="2025-05-26T21:31:05.523039" elapsed="3.944621"/>
</kw>
<status status="PASS" start="2025-05-26T21:31:05.522193" elapsed="3.945908"/>
</kw>
<status status="FAIL" start="2025-05-26T21:30:28.667619" elapsed="40.801975">InvalidSelectorException: Message: invalid selector: Unable to locate an element with the xpath expression "//input[@id="continue"]" because of the following error:
SyntaxError: Failed to execute 'evaluate' on 'Document': The string '"//input[@id="continue"]"' is not a valid XPath expression.
  (Session info: chrome=136.0.7103.114); For documentation on this error, please visit: https://www.selenium.dev/documentation/webdriver/troubleshooting/errors#invalid-selector-exception
Stacktrace:
	GetHandleVerifier [0x00007FF67168CF45+75717]
	GetHandleVerifier [0x00007FF67168CFA0+75808]
	(No symbol) [0x00007FF671458F9A]
	(No symbol) [0x00007FF671460998]
	(No symbol) [0x00007FF671463A0C]
	(No symbol) [0x00007FF671463ADF]
	(No symbol) [0x00007FF6714AED77]
	(No symbol) [0x00007FF6714AF77C]
	(No symbol) [0x00007FF6715025A7]
	(No symbol) [0x00007FF6714D73BF]
	(No symbol) [0x00007FF6714FF39C]
	(No symbol) [0x00007FF6714D7153]
	(No symbol) [0x00007FF6714A0421]
	(No symbol) [0x00007FF6714A11B3]
	GetHandleVerifier [0x00007FF67198D71D+3223453]
	GetHandleVerifier [0x00007FF671987CC2+3200322]
	GetHandleVerifier [0x00007FF6719A5AF3+3322739]
	GetHandleVerifier [0x00007FF6716A6A1A+180890]
	GetHandleVerifier [0x00007FF6716AE11F+211359]
	GetHandleVerifier [0x00007FF671695294+109332]
	GetHandleVerifier [0x00007FF671695442+109762]
	GetHandleVerifier [0x00007FF67167BA59+4825]
	BaseThreadInitThunk [0x00007FFC77137374+20]
	RtlUserThreadStart [0x00007FFC7867CC91+33]
</status>
</test>
<test id="s1-s1-s1-t2" name="blank_lname" line="17">
<kw name="Open the Browser with the URL" owner="GenericResources" type="SETUP">
<kw name="Evaluate" owner="BuiltIn">
<msg time="2025-05-26T21:31:09.487966" level="INFO">${options} = &lt;selenium.webdriver.chrome.options.Options object at 0x000002944F07A490&gt;</msg>
<var>${options}</var>
<arg>sys.modules['selenium.webdriver'].ChromeOptions()</arg>
<arg>sys, selenium.webdriver</arg>
<doc>Evaluates the given expression in Python and returns the result.</doc>
<status status="PASS" start="2025-05-26T21:31:09.487142" elapsed="0.000947"/>
</kw>
<kw name="Call Method" owner="BuiltIn">
<arg>${options}</arg>
<arg>add_argument</arg>
<arg>--incognito</arg>
<doc>Calls the named method of the given object with the provided arguments.</doc>
<status status="PASS" start="2025-05-26T21:31:09.488459" elapsed="0.000389"/>
</kw>
<kw name="Call Method" owner="BuiltIn">
<arg>${options}</arg>
<arg>add_argument</arg>
<arg>--disable-extensions</arg>
<doc>Calls the named method of the given object with the provided arguments.</doc>
<status status="PASS" start="2025-05-26T21:31:09.489148" elapsed="0.000314"/>
</kw>
<kw name="Call Method" owner="BuiltIn">
<arg>${options}</arg>
<arg>add_argument</arg>
<arg>--disable-notifications</arg>
<doc>Calls the named method of the given object with the provided arguments.</doc>
<status status="PASS" start="2025-05-26T21:31:09.489718" elapsed="0.000314"/>
</kw>
<kw name="Call Method" owner="BuiltIn">
<arg>${options}</arg>
<arg>add_argument</arg>
<arg>--disable-popup-blocking</arg>
<doc>Calls the named method of the given object with the provided arguments.</doc>
<status status="PASS" start="2025-05-26T21:31:09.490282" elapsed="0.000293"/>
</kw>
<kw name="Call Method" owner="BuiltIn">
<arg>${options}</arg>
<arg>add_argument</arg>
<arg>--start-maximized</arg>
<doc>Calls the named method of the given object with the provided arguments.</doc>
<status status="PASS" start="2025-05-26T21:31:09.490821" elapsed="0.000390"/>
</kw>
<kw name="Evaluate" owner="BuiltIn">
<msg time="2025-05-26T21:31:09.491989" level="INFO">${prefs} = {'credentials_enable_service': False, 'profile.password_manager_enabled': False}</msg>
<var>${prefs}</var>
<arg>{"credentials_enable_service": False, "profile.password_manager_enabled": False}</arg>
<doc>Evaluates the given expression in Python and returns the result.</doc>
<status status="PASS" start="2025-05-26T21:31:09.491526" elapsed="0.000543"/>
</kw>
<kw name="Call Method" owner="BuiltIn">
<arg>${options}</arg>
<arg>add_experimental_option</arg>
<arg>prefs</arg>
<arg>${prefs}</arg>
<doc>Calls the named method of the given object with the provided arguments.</doc>
<status status="PASS" start="2025-05-26T21:31:09.492477" elapsed="0.000747"/>
</kw>
<kw name="Create Webdriver" owner="SeleniumLibrary">
<msg time="2025-05-26T21:31:09.494680" level="INFO">Creating an instance of the Chrome WebDriver.</msg>
<arg>Chrome</arg>
<arg>options=${options}</arg>
<doc>Creates an instance of Selenium WebDriver.</doc>
<status status="PASS" start="2025-05-26T21:31:09.493906" elapsed="2.117496"/>
</kw>
<kw name="Go To" owner="SeleniumLibrary">
<msg time="2025-05-26T21:31:11.612892" level="INFO">Opening url 'https://www.saucedemo.com/inventory.html'</msg>
<arg>${url}</arg>
<doc>Navigates the current browser window to the provided ``url``.</doc>
<status status="PASS" start="2025-05-26T21:31:11.612276" elapsed="4.632678"/>
</kw>
<status status="PASS" start="2025-05-26T21:31:09.485315" elapsed="6.759942"/>
</kw>
<kw name="Invalid checkout with">
<kw name="Valid Login" owner="GenericResources">
<kw name="Input Text" owner="SeleniumLibrary">
<msg time="2025-05-26T21:31:16.248377" level="INFO">Typing text 'standard_user' into text field 'id=user-name'.</msg>
<arg>id=user-name</arg>
<arg>${valid_uname}</arg>
<doc>Types the given ``text`` into the text field identified by ``locator``.</doc>
<status status="PASS" start="2025-05-26T21:31:16.247706" elapsed="0.248987"/>
</kw>
<kw name="Input Password" owner="SeleniumLibrary">
<msg time="2025-05-26T21:31:16.497455" level="INFO">Typing password into text field 'id=password'.</msg>
<msg time="2025-05-26T21:31:16.555302" level="INFO">Temporally setting log level to: NONE</msg>
<arg>id=password</arg>
<arg>${valid_pass}</arg>
<doc>Types the given password into the text field identified by ``locator``.</doc>
<status status="PASS" start="2025-05-26T21:31:16.497039" elapsed="0.159588"/>
</kw>
<kw name="Click Button" owner="SeleniumLibrary">
<msg time="2025-05-26T21:31:16.657780" level="INFO">Clicking button 'id=login-button'.</msg>
<arg>${login_btn}</arg>
<doc>Clicks the button identified by ``locator``.</doc>
<status status="PASS" start="2025-05-26T21:31:16.657115" elapsed="0.151934"/>
</kw>
<arg>${valid_uname}</arg>
<arg>${valid_pass}</arg>
<status status="PASS" start="2025-05-26T21:31:16.247031" elapsed="0.562250"/>
</kw>
<kw name="Verify the product page opens" owner="CheckoutResources">
<kw name="Element Should Contain" owner="SeleniumLibrary">
<msg time="2025-05-26T21:31:16.863076" level="INFO">Element 'xpath=//div[text()='Sauce Labs Backpack']' contains text 'Sauce Labs Backpack'.</msg>
<arg>${sauce_lab_bag}</arg>
<arg>Sauce Labs Backpack</arg>
<doc>Verifies that element ``locator`` contains text ``expected``.</doc>
<status status="PASS" start="2025-05-26T21:31:16.810348" elapsed="0.052922"/>
</kw>
<kw name="Click Button" owner="SeleniumLibrary">
<msg time="2025-05-26T21:31:16.863971" level="INFO">Clicking button 'xpath=//button[@id='add-to-cart-sauce-labs-backpack']'.</msg>
<arg>xpath=//button[@id='add-to-cart-sauce-labs-backpack']</arg>
<doc>Clicks the button identified by ``locator``.</doc>
<status status="PASS" start="2025-05-26T21:31:16.863573" elapsed="0.137792"/>
</kw>
<kw name="Click Element" owner="SeleniumLibrary">
<msg time="2025-05-26T21:31:17.002161" level="INFO">Clicking element 'class=shopping_cart_link'.</msg>
<arg>class=shopping_cart_link</arg>
<doc>Click the element identified by ``locator``.</doc>
<status status="PASS" start="2025-05-26T21:31:17.001752" elapsed="0.110716"/>
</kw>
<kw name="Sleep" owner="BuiltIn">
<msg time="2025-05-26T21:31:19.114052" level="INFO">Slept 2 seconds.</msg>
<arg>2</arg>
<doc>Pauses the test executed for the given time.</doc>
<status status="PASS" start="2025-05-26T21:31:17.112878" elapsed="2.001578"/>
</kw>
<kw name="Click Button" owner="SeleniumLibrary">
<msg time="2025-05-26T21:31:19.115983" level="INFO">Clicking button 'id=checkout'.</msg>
<arg>id=checkout</arg>
<doc>Clicks the button identified by ``locator``.</doc>
<status status="PASS" start="2025-05-26T21:31:19.115178" elapsed="0.184907"/>
</kw>
<status status="PASS" start="2025-05-26T21:31:16.809711" elapsed="2.490692"/>
</kw>
<kw name="Input Text" owner="SeleniumLibrary">
<msg time="2025-05-26T21:31:19.301637" level="INFO">Typing text 'laks' into text field 'xpath=//input[@id="first-name"]'.</msg>
<arg>xpath=//input[@id="first-name"]</arg>
<arg>${Firstname}</arg>
<doc>Types the given ``text`` into the text field identified by ``locator``.</doc>
<status status="PASS" start="2025-05-26T21:31:19.300835" elapsed="0.151599"/>
</kw>
<kw name="Input Text" owner="SeleniumLibrary">
<msg time="2025-05-26T21:31:19.454013" level="INFO">Typing text '' into text field 'xpath=//input[@id="last-name"]'.</msg>
<arg>xpath=//input[@id="last-name"]</arg>
<arg>${Lastname}</arg>
<doc>Types the given ``text`` into the text field identified by ``locator``.</doc>
<status status="PASS" start="2025-05-26T21:31:19.452892" elapsed="0.136249"/>
</kw>
<kw name="Input Text" owner="SeleniumLibrary">
<msg time="2025-05-26T21:31:19.590156" level="INFO">Typing text '123' into text field 'xpath=//input[@id="postal-code"]'.</msg>
<arg>xpath=//input[@id="postal-code"]</arg>
<arg>${Zipcode}</arg>
<doc>Types the given ``text`` into the text field identified by ``locator``.</doc>
<status status="PASS" start="2025-05-26T21:31:19.589591" elapsed="0.165849"/>
</kw>
<kw name="Click Button" owner="SeleniumLibrary">
<msg time="2025-05-26T21:31:19.756499" level="INFO">Clicking button 'xpath="//input[@id="continue"]"'.</msg>
<msg time="2025-05-26T21:31:20.030321" level="INFO" html="true">&lt;/td&gt;&lt;/tr&gt;&lt;tr&gt;&lt;td colspan="3"&gt;&lt;a href="selenium-screenshot-2.png"&gt;&lt;img src="selenium-screenshot-2.png" width="800px"&gt;&lt;/a&gt;</msg>
<msg time="2025-05-26T21:31:20.030720" level="FAIL">InvalidSelectorException: Message: invalid selector: Unable to locate an element with the xpath expression "//input[@id="continue"]" because of the following error:
SyntaxError: Failed to execute 'evaluate' on 'Document': The string '"//input[@id="continue"]"' is not a valid XPath expression.
  (Session info: chrome=136.0.7103.114); For documentation on this error, please visit: https://www.selenium.dev/documentation/webdriver/troubleshooting/errors#invalid-selector-exception
Stacktrace:
	GetHandleVerifier [0x00007FF67168CF45+75717]
	GetHandleVerifier [0x00007FF67168CFA0+75808]
	(No symbol) [0x00007FF671458F9A]
	(No symbol) [0x00007FF671460998]
	(No symbol) [0x00007FF671463A0C]
	(No symbol) [0x00007FF671463ADF]
	(No symbol) [0x00007FF6714AED77]
	(No symbol) [0x00007FF6714AF77C]
	(No symbol) [0x00007FF6715025A7]
	(No symbol) [0x00007FF6714D73BF]
	(No symbol) [0x00007FF6714FF39C]
	(No symbol) [0x00007FF6714D7153]
	(No symbol) [0x00007FF6714A0421]
	(No symbol) [0x00007FF6714A11B3]
	GetHandleVerifier [0x00007FF67198D71D+3223453]
	GetHandleVerifier [0x00007FF671987CC2+3200322]
	GetHandleVerifier [0x00007FF6719A5AF3+3322739]
	GetHandleVerifier [0x00007FF6716A6A1A+180890]
	GetHandleVerifier [0x00007FF6716AE11F+211359]
	GetHandleVerifier [0x00007FF671695294+109332]
	GetHandleVerifier [0x00007FF671695442+109762]
	GetHandleVerifier [0x00007FF67167BA59+4825]
	BaseThreadInitThunk [0x00007FFC77137374+20]
	RtlUserThreadStart [0x00007FFC7867CC91+33]
</msg>
<arg>xpath="//input[@id="continue"]"</arg>
<doc>Clicks the button identified by ``locator``.</doc>
<status status="FAIL" start="2025-05-26T21:31:19.755913" elapsed="0.280578">InvalidSelectorException: Message: invalid selector: Unable to locate an element with the xpath expression "//input[@id="continue"]" because of the following error:
SyntaxError: Failed to execute 'evaluate' on 'Document': The string '"//input[@id="continue"]"' is not a valid XPath expression.
  (Session info: chrome=136.0.7103.114); For documentation on this error, please visit: https://www.selenium.dev/documentation/webdriver/troubleshooting/errors#invalid-selector-exception
Stacktrace:
	GetHandleVerifier [0x00007FF67168CF45+75717]
	GetHandleVerifier [0x00007FF67168CFA0+75808]
	(No symbol) [0x00007FF671458F9A]
	(No symbol) [0x00007FF671460998]
	(No symbol) [0x00007FF671463A0C]
	(No symbol) [0x00007FF671463ADF]
	(No symbol) [0x00007FF6714AED77]
	(No symbol) [0x00007FF6714AF77C]
	(No symbol) [0x00007FF6715025A7]
	(No symbol) [0x00007FF6714D73BF]
	(No symbol) [0x00007FF6714FF39C]
	(No symbol) [0x00007FF6714D7153]
	(No symbol) [0x00007FF6714A0421]
	(No symbol) [0x00007FF6714A11B3]
	GetHandleVerifier [0x00007FF67198D71D+3223453]
	GetHandleVerifier [0x00007FF671987CC2+3200322]
	GetHandleVerifier [0x00007FF6719A5AF3+3322739]
	GetHandleVerifier [0x00007FF6716A6A1A+180890]
	GetHandleVerifier [0x00007FF6716AE11F+211359]
	GetHandleVerifier [0x00007FF671695294+109332]
	GetHandleVerifier [0x00007FF671695442+109762]
	GetHandleVerifier [0x00007FF67167BA59+4825]
	BaseThreadInitThunk [0x00007FFC77137374+20]
	RtlUserThreadStart [0x00007FFC7867CC91+33]
</status>
</kw>
<if>
<branch type="IF" condition="'${Firstname}' == ''">
<kw name="Verify the firstname required message" owner="CheckoutResources">
<status status="NOT RUN" start="2025-05-26T21:31:20.037409" elapsed="0.000099"/>
</kw>
<status status="NOT RUN" start="2025-05-26T21:31:20.037033" elapsed="0.000591"/>
</branch>
<branch type="ELSE IF" condition="'${Lastname}' == ''">
<kw name="Verify the lastname required message" owner="CheckoutResources">
<status status="NOT RUN" start="2025-05-26T21:31:20.038076" elapsed="0.000091"/>
</kw>
<status status="NOT RUN" start="2025-05-26T21:31:20.037750" elapsed="0.000530"/>
</branch>
<branch type="ELSE IF" condition="'${Zipcode}' == ''">
<kw name="Verify the zipcode required message" owner="CheckoutResources">
<status status="NOT RUN" start="2025-05-26T21:31:20.038725" elapsed="0.000087"/>
</kw>
<status status="NOT RUN" start="2025-05-26T21:31:20.038393" elapsed="0.000524"/>
</branch>
<branch type="ELSE">
<kw name="Verify the success checkout message" owner="CheckoutResources">
<status status="NOT RUN" start="2025-05-26T21:31:20.039360" elapsed="0.000088"/>
</kw>
<status status="NOT RUN" start="2025-05-26T21:31:20.039032" elapsed="0.000524"/>
</branch>
<status status="NOT RUN" start="2025-05-26T21:31:20.036957" elapsed="0.002706"/>
</if>
<arg>Firstname=laks</arg>
<arg>Lastname=</arg>
<arg>Zipcode=123</arg>
<status status="FAIL" start="2025-05-26T21:31:16.246448" elapsed="3.793520">InvalidSelectorException: Message: invalid selector: Unable to locate an element with the xpath expression "//input[@id="continue"]" because of the following error:
SyntaxError: Failed to execute 'evaluate' on 'Document': The string '"//input[@id="continue"]"' is not a valid XPath expression.
  (Session info: chrome=136.0.7103.114); For documentation on this error, please visit: https://www.selenium.dev/documentation/webdriver/troubleshooting/errors#invalid-selector-exception
Stacktrace:
	GetHandleVerifier [0x00007FF67168CF45+75717]
	GetHandleVerifier [0x00007FF67168CFA0+75808]
	(No symbol) [0x00007FF671458F9A]
	(No symbol) [0x00007FF671460998]
	(No symbol) [0x00007FF671463A0C]
	(No symbol) [0x00007FF671463ADF]
	(No symbol) [0x00007FF6714AED77]
	(No symbol) [0x00007FF6714AF77C]
	(No symbol) [0x00007FF6715025A7]
	(No symbol) [0x00007FF6714D73BF]
	(No symbol) [0x00007FF6714FF39C]
	(No symbol) [0x00007FF6714D7153]
	(No symbol) [0x00007FF6714A0421]
	(No symbol) [0x00007FF6714A11B3]
	GetHandleVerifier [0x00007FF67198D71D+3223453]
	GetHandleVerifier [0x00007FF671987CC2+3200322]
	GetHandleVerifier [0x00007FF6719A5AF3+3322739]
	GetHandleVerifier [0x00007FF6716A6A1A+180890]
	GetHandleVerifier [0x00007FF6716AE11F+211359]
	GetHandleVerifier [0x00007FF671695294+109332]
	GetHandleVerifier [0x00007FF671695442+109762]
	GetHandleVerifier [0x00007FF67167BA59+4825]
	BaseThreadInitThunk [0x00007FFC77137374+20]
	RtlUserThreadStart [0x00007FFC7867CC91+33]
</status>
</kw>
<kw name="Close Browser Session" owner="GenericResources" type="TEARDOWN">
<kw name="Close Browser" owner="SeleniumLibrary">
<doc>Closes the current browser.</doc>
<status status="PASS" start="2025-05-26T21:31:20.045320" elapsed="3.198933"/>
</kw>
<status status="PASS" start="2025-05-26T21:31:20.044489" elapsed="3.200014"/>
</kw>
<status status="FAIL" start="2025-05-26T21:31:09.478132" elapsed="13.766882">InvalidSelectorException: Message: invalid selector: Unable to locate an element with the xpath expression "//input[@id="continue"]" because of the following error:
SyntaxError: Failed to execute 'evaluate' on 'Document': The string '"//input[@id="continue"]"' is not a valid XPath expression.
  (Session info: chrome=136.0.7103.114); For documentation on this error, please visit: https://www.selenium.dev/documentation/webdriver/troubleshooting/errors#invalid-selector-exception
Stacktrace:
	GetHandleVerifier [0x00007FF67168CF45+75717]
	GetHandleVerifier [0x00007FF67168CFA0+75808]
	(No symbol) [0x00007FF671458F9A]
	(No symbol) [0x00007FF671460998]
	(No symbol) [0x00007FF671463A0C]
	(No symbol) [0x00007FF671463ADF]
	(No symbol) [0x00007FF6714AED77]
	(No symbol) [0x00007FF6714AF77C]
	(No symbol) [0x00007FF6715025A7]
	(No symbol) [0x00007FF6714D73BF]
	(No symbol) [0x00007FF6714FF39C]
	(No symbol) [0x00007FF6714D7153]
	(No symbol) [0x00007FF6714A0421]
	(No symbol) [0x00007FF6714A11B3]
	GetHandleVerifier [0x00007FF67198D71D+3223453]
	GetHandleVerifier [0x00007FF671987CC2+3200322]
	GetHandleVerifier [0x00007FF6719A5AF3+3322739]
	GetHandleVerifier [0x00007FF6716A6A1A+180890]
	GetHandleVerifier [0x00007FF6716AE11F+211359]
	GetHandleVerifier [0x00007FF671695294+109332]
	GetHandleVerifier [0x00007FF671695442+109762]
	GetHandleVerifier [0x00007FF67167BA59+4825]
	BaseThreadInitThunk [0x00007FFC77137374+20]
	RtlUserThreadStart [0x00007FFC7867CC91+33]
</status>
</test>
<test id="s1-s1-s1-t3" name="blank_zipcode" line="17">
<kw name="Open the Browser with the URL" owner="GenericResources" type="SETUP">
<kw name="Evaluate" owner="BuiltIn">
<msg time="2025-05-26T21:31:23.273835" level="INFO">${options} = &lt;selenium.webdriver.chrome.options.Options object at 0x000002944F07B4D0&gt;</msg>
<var>${options}</var>
<arg>sys.modules['selenium.webdriver'].ChromeOptions()</arg>
<arg>sys, selenium.webdriver</arg>
<doc>Evaluates the given expression in Python and returns the result.</doc>
<status status="PASS" start="2025-05-26T21:31:23.272489" elapsed="0.001577"/>
</kw>
<kw name="Call Method" owner="BuiltIn">
<arg>${options}</arg>
<arg>add_argument</arg>
<arg>--incognito</arg>
<doc>Calls the named method of the given object with the provided arguments.</doc>
<status status="PASS" start="2025-05-26T21:31:23.274884" elapsed="0.003368"/>
</kw>
<kw name="Call Method" owner="BuiltIn">
<arg>${options}</arg>
<arg>add_argument</arg>
<arg>--disable-extensions</arg>
<doc>Calls the named method of the given object with the provided arguments.</doc>
<status status="PASS" start="2025-05-26T21:31:23.279043" elapsed="0.000834"/>
</kw>
<kw name="Call Method" owner="BuiltIn">
<arg>${options}</arg>
<arg>add_argument</arg>
<arg>--disable-notifications</arg>
<doc>Calls the named method of the given object with the provided arguments.</doc>
<status status="PASS" start="2025-05-26T21:31:23.280786" elapsed="0.000776"/>
</kw>
<kw name="Call Method" owner="BuiltIn">
<arg>${options}</arg>
<arg>add_argument</arg>
<arg>--disable-popup-blocking</arg>
<doc>Calls the named method of the given object with the provided arguments.</doc>
<status status="PASS" start="2025-05-26T21:31:23.282220" elapsed="0.000697"/>
</kw>
<kw name="Call Method" owner="BuiltIn">
<arg>${options}</arg>
<arg>add_argument</arg>
<arg>--start-maximized</arg>
<doc>Calls the named method of the given object with the provided arguments.</doc>
<status status="PASS" start="2025-05-26T21:31:23.283398" elapsed="0.000484"/>
</kw>
<kw name="Evaluate" owner="BuiltIn">
<msg time="2025-05-26T21:31:23.284974" level="INFO">${prefs} = {'credentials_enable_service': False, 'profile.password_manager_enabled': False}</msg>
<var>${prefs}</var>
<arg>{"credentials_enable_service": False, "profile.password_manager_enabled": False}</arg>
<doc>Evaluates the given expression in Python and returns the result.</doc>
<status status="PASS" start="2025-05-26T21:31:23.284256" elapsed="0.000847"/>
</kw>
<kw name="Call Method" owner="BuiltIn">
<arg>${options}</arg>
<arg>add_experimental_option</arg>
<arg>prefs</arg>
<arg>${prefs}</arg>
<doc>Calls the named method of the given object with the provided arguments.</doc>
<status status="PASS" start="2025-05-26T21:31:23.285515" elapsed="0.000597"/>
</kw>
<kw name="Create Webdriver" owner="SeleniumLibrary">
<msg time="2025-05-26T21:31:23.287086" level="INFO">Creating an instance of the Chrome WebDriver.</msg>
<arg>Chrome</arg>
<arg>options=${options}</arg>
<doc>Creates an instance of Selenium WebDriver.</doc>
<status status="PASS" start="2025-05-26T21:31:23.286571" elapsed="1.912563"/>
</kw>
<kw name="Go To" owner="SeleniumLibrary">
<msg time="2025-05-26T21:31:25.200071" level="INFO">Opening url 'https://www.saucedemo.com/inventory.html'</msg>
<arg>${url}</arg>
<doc>Navigates the current browser window to the provided ``url``.</doc>
<status status="PASS" start="2025-05-26T21:31:25.199636" elapsed="1.360155"/>
</kw>
<status status="PASS" start="2025-05-26T21:31:23.269885" elapsed="3.290120"/>
</kw>
<kw name="Invalid checkout with">
<kw name="Valid Login" owner="GenericResources">
<kw name="Input Text" owner="SeleniumLibrary">
<msg time="2025-05-26T21:31:26.572686" level="INFO">Typing text 'standard_user' into text field 'id=user-name'.</msg>
<arg>id=user-name</arg>
<arg>${valid_uname}</arg>
<doc>Types the given ``text`` into the text field identified by ``locator``.</doc>
<status status="PASS" start="2025-05-26T21:31:26.570517" elapsed="0.332062"/>
</kw>
<kw name="Input Password" owner="SeleniumLibrary">
<msg time="2025-05-26T21:31:26.903516" level="INFO">Typing password into text field 'id=password'.</msg>
<msg time="2025-05-26T21:31:27.006550" level="INFO">Temporally setting log level to: NONE</msg>
<arg>id=password</arg>
<arg>${valid_pass}</arg>
<doc>Types the given password into the text field identified by ``locator``.</doc>
<status status="PASS" start="2025-05-26T21:31:26.902982" elapsed="0.205537"/>
</kw>
<kw name="Click Button" owner="SeleniumLibrary">
<msg time="2025-05-26T21:31:27.109084" level="INFO">Clicking button 'id=login-button'.</msg>
<arg>${login_btn}</arg>
<doc>Clicks the button identified by ``locator``.</doc>
<status status="PASS" start="2025-05-26T21:31:27.108802" elapsed="0.169121"/>
</kw>
<arg>${valid_uname}</arg>
<arg>${valid_pass}</arg>
<status status="PASS" start="2025-05-26T21:31:26.568869" elapsed="0.709274"/>
</kw>
<kw name="Verify the product page opens" owner="CheckoutResources">
<kw name="Element Should Contain" owner="SeleniumLibrary">
<msg time="2025-05-26T21:31:27.338431" level="INFO">Element 'xpath=//div[text()='Sauce Labs Backpack']' contains text 'Sauce Labs Backpack'.</msg>
<arg>${sauce_lab_bag}</arg>
<arg>Sauce Labs Backpack</arg>
<doc>Verifies that element ``locator`` contains text ``expected``.</doc>
<status status="PASS" start="2025-05-26T21:31:27.279132" elapsed="0.059503"/>
</kw>
<kw name="Click Button" owner="SeleniumLibrary">
<msg time="2025-05-26T21:31:27.339421" level="INFO">Clicking button 'xpath=//button[@id='add-to-cart-sauce-labs-backpack']'.</msg>
<arg>xpath=//button[@id='add-to-cart-sauce-labs-backpack']</arg>
<doc>Clicks the button identified by ``locator``.</doc>
<status status="PASS" start="2025-05-26T21:31:27.338979" elapsed="0.132031"/>
</kw>
<kw name="Click Element" owner="SeleniumLibrary">
<msg time="2025-05-26T21:31:27.471728" level="INFO">Clicking element 'class=shopping_cart_link'.</msg>
<arg>class=shopping_cart_link</arg>
<doc>Click the element identified by ``locator``.</doc>
<status status="PASS" start="2025-05-26T21:31:27.471370" elapsed="0.101580"/>
</kw>
<kw name="Sleep" owner="BuiltIn">
<msg time="2025-05-26T21:31:29.574626" level="INFO">Slept 2 seconds.</msg>
<arg>2</arg>
<doc>Pauses the test executed for the given time.</doc>
<status status="PASS" start="2025-05-26T21:31:27.573224" elapsed="2.001641"/>
</kw>
<kw name="Click Button" owner="SeleniumLibrary">
<msg time="2025-05-26T21:31:29.576443" level="INFO">Clicking button 'id=checkout'.</msg>
<arg>id=checkout</arg>
<doc>Clicks the button identified by ``locator``.</doc>
<status status="PASS" start="2025-05-26T21:31:29.575988" elapsed="0.180283"/>
</kw>
<status status="PASS" start="2025-05-26T21:31:27.278553" elapsed="2.479432"/>
</kw>
<kw name="Input Text" owner="SeleniumLibrary">
<msg time="2025-05-26T21:31:29.759479" level="INFO">Typing text 'laks' into text field 'xpath=//input[@id="first-name"]'.</msg>
<arg>xpath=//input[@id="first-name"]</arg>
<arg>${Firstname}</arg>
<doc>Types the given ``text`` into the text field identified by ``locator``.</doc>
<status status="PASS" start="2025-05-26T21:31:29.758814" elapsed="0.203033"/>
</kw>
<kw name="Input Text" owner="SeleniumLibrary">
<msg time="2025-05-26T21:31:29.962832" level="INFO">Typing text 'ravi' into text field 'xpath=//input[@id="last-name"]'.</msg>
<arg>xpath=//input[@id="last-name"]</arg>
<arg>${Lastname}</arg>
<doc>Types the given ``text`` into the text field identified by ``locator``.</doc>
<status status="PASS" start="2025-05-26T21:31:29.962282" elapsed="0.126540"/>
</kw>
<kw name="Input Text" owner="SeleniumLibrary">
<msg time="2025-05-26T21:31:30.091365" level="INFO">Typing text ' ' into text field 'xpath=//input[@id="postal-code"]'.</msg>
<arg>xpath=//input[@id="postal-code"]</arg>
<arg>${Zipcode}</arg>
<doc>Types the given ``text`` into the text field identified by ``locator``.</doc>
<status status="PASS" start="2025-05-26T21:31:30.089246" elapsed="0.162550"/>
</kw>
<kw name="Click Button" owner="SeleniumLibrary">
<msg time="2025-05-26T21:31:30.253214" level="INFO">Clicking button 'xpath="//input[@id="continue"]"'.</msg>
<msg time="2025-05-26T21:31:30.502403" level="INFO" html="true">&lt;/td&gt;&lt;/tr&gt;&lt;tr&gt;&lt;td colspan="3"&gt;&lt;a href="selenium-screenshot-3.png"&gt;&lt;img src="selenium-screenshot-3.png" width="800px"&gt;&lt;/a&gt;</msg>
<msg time="2025-05-26T21:31:30.502751" level="FAIL">InvalidSelectorException: Message: invalid selector: Unable to locate an element with the xpath expression "//input[@id="continue"]" because of the following error:
SyntaxError: Failed to execute 'evaluate' on 'Document': The string '"//input[@id="continue"]"' is not a valid XPath expression.
  (Session info: chrome=136.0.7103.114); For documentation on this error, please visit: https://www.selenium.dev/documentation/webdriver/troubleshooting/errors#invalid-selector-exception
Stacktrace:
	GetHandleVerifier [0x00007FF67168CF45+75717]
	GetHandleVerifier [0x00007FF67168CFA0+75808]
	(No symbol) [0x00007FF671458F9A]
	(No symbol) [0x00007FF671460998]
	(No symbol) [0x00007FF671463A0C]
	(No symbol) [0x00007FF671463ADF]
	(No symbol) [0x00007FF6714AED77]
	(No symbol) [0x00007FF6714AF77C]
	(No symbol) [0x00007FF6715025A7]
	(No symbol) [0x00007FF6714D73BF]
	(No symbol) [0x00007FF6714FF39C]
	(No symbol) [0x00007FF6714D7153]
	(No symbol) [0x00007FF6714A0421]
	(No symbol) [0x00007FF6714A11B3]
	GetHandleVerifier [0x00007FF67198D71D+3223453]
	GetHandleVerifier [0x00007FF671987CC2+3200322]
	GetHandleVerifier [0x00007FF6719A5AF3+3322739]
	GetHandleVerifier [0x00007FF6716A6A1A+180890]
	GetHandleVerifier [0x00007FF6716AE11F+211359]
	GetHandleVerifier [0x00007FF671695294+109332]
	GetHandleVerifier [0x00007FF671695442+109762]
	GetHandleVerifier [0x00007FF67167BA59+4825]
	BaseThreadInitThunk [0x00007FFC77137374+20]
	RtlUserThreadStart [0x00007FFC7867CC91+33]
</msg>
<arg>xpath="//input[@id="continue"]"</arg>
<doc>Clicks the button identified by ``locator``.</doc>
<status status="FAIL" start="2025-05-26T21:31:30.252646" elapsed="0.255071">InvalidSelectorException: Message: invalid selector: Unable to locate an element with the xpath expression "//input[@id="continue"]" because of the following error:
SyntaxError: Failed to execute 'evaluate' on 'Document': The string '"//input[@id="continue"]"' is not a valid XPath expression.
  (Session info: chrome=136.0.7103.114); For documentation on this error, please visit: https://www.selenium.dev/documentation/webdriver/troubleshooting/errors#invalid-selector-exception
Stacktrace:
	GetHandleVerifier [0x00007FF67168CF45+75717]
	GetHandleVerifier [0x00007FF67168CFA0+75808]
	(No symbol) [0x00007FF671458F9A]
	(No symbol) [0x00007FF671460998]
	(No symbol) [0x00007FF671463A0C]
	(No symbol) [0x00007FF671463ADF]
	(No symbol) [0x00007FF6714AED77]
	(No symbol) [0x00007FF6714AF77C]
	(No symbol) [0x00007FF6715025A7]
	(No symbol) [0x00007FF6714D73BF]
	(No symbol) [0x00007FF6714FF39C]
	(No symbol) [0x00007FF6714D7153]
	(No symbol) [0x00007FF6714A0421]
	(No symbol) [0x00007FF6714A11B3]
	GetHandleVerifier [0x00007FF67198D71D+3223453]
	GetHandleVerifier [0x00007FF671987CC2+3200322]
	GetHandleVerifier [0x00007FF6719A5AF3+3322739]
	GetHandleVerifier [0x00007FF6716A6A1A+180890]
	GetHandleVerifier [0x00007FF6716AE11F+211359]
	GetHandleVerifier [0x00007FF671695294+109332]
	GetHandleVerifier [0x00007FF671695442+109762]
	GetHandleVerifier [0x00007FF67167BA59+4825]
	BaseThreadInitThunk [0x00007FFC77137374+20]
	RtlUserThreadStart [0x00007FFC7867CC91+33]
</status>
</kw>
<if>
<branch type="IF" condition="'${Firstname}' == ''">
<kw name="Verify the firstname required message" owner="CheckoutResources">
<status status="NOT RUN" start="2025-05-26T21:31:30.508850" elapsed="0.000127"/>
</kw>
<status status="NOT RUN" start="2025-05-26T21:31:30.508444" elapsed="0.000646"/>
</branch>
<branch type="ELSE IF" condition="'${Lastname}' == ''">
<kw name="Verify the lastname required message" owner="CheckoutResources">
<status status="NOT RUN" start="2025-05-26T21:31:30.509524" elapsed="0.000095"/>
</kw>
<status status="NOT RUN" start="2025-05-26T21:31:30.509225" elapsed="0.000516"/>
</branch>
<branch type="ELSE IF" condition="'${Zipcode}' == ''">
<kw name="Verify the zipcode required message" owner="CheckoutResources">
<status status="NOT RUN" start="2025-05-26T21:31:30.510164" elapsed="0.000092"/>
</kw>
<status status="NOT RUN" start="2025-05-26T21:31:30.509866" elapsed="0.000507"/>
</branch>
<branch type="ELSE">
<kw name="Verify the success checkout message" owner="CheckoutResources">
<status status="NOT RUN" start="2025-05-26T21:31:30.510678" elapsed="0.000051"/>
</kw>
<status status="NOT RUN" start="2025-05-26T21:31:30.510492" elapsed="0.000295"/>
</branch>
<status status="NOT RUN" start="2025-05-26T21:31:30.508347" elapsed="0.002495"/>
</if>
<arg>Firstname=laks</arg>
<arg>Lastname=ravi</arg>
<arg>Zipcode= </arg>
<status status="FAIL" start="2025-05-26T21:31:26.567840" elapsed="3.943161">InvalidSelectorException: Message: invalid selector: Unable to locate an element with the xpath expression "//input[@id="continue"]" because of the following error:
SyntaxError: Failed to execute 'evaluate' on 'Document': The string '"//input[@id="continue"]"' is not a valid XPath expression.
  (Session info: chrome=136.0.7103.114); For documentation on this error, please visit: https://www.selenium.dev/documentation/webdriver/troubleshooting/errors#invalid-selector-exception
Stacktrace:
	GetHandleVerifier [0x00007FF67168CF45+75717]
	GetHandleVerifier [0x00007FF67168CFA0+75808]
	(No symbol) [0x00007FF671458F9A]
	(No symbol) [0x00007FF671460998]
	(No symbol) [0x00007FF671463A0C]
	(No symbol) [0x00007FF671463ADF]
	(No symbol) [0x00007FF6714AED77]
	(No symbol) [0x00007FF6714AF77C]
	(No symbol) [0x00007FF6715025A7]
	(No symbol) [0x00007FF6714D73BF]
	(No symbol) [0x00007FF6714FF39C]
	(No symbol) [0x00007FF6714D7153]
	(No symbol) [0x00007FF6714A0421]
	(No symbol) [0x00007FF6714A11B3]
	GetHandleVerifier [0x00007FF67198D71D+3223453]
	GetHandleVerifier [0x00007FF671987CC2+3200322]
	GetHandleVerifier [0x00007FF6719A5AF3+3322739]
	GetHandleVerifier [0x00007FF6716A6A1A+180890]
	GetHandleVerifier [0x00007FF6716AE11F+211359]
	GetHandleVerifier [0x00007FF671695294+109332]
	GetHandleVerifier [0x00007FF671695442+109762]
	GetHandleVerifier [0x00007FF67167BA59+4825]
	BaseThreadInitThunk [0x00007FFC77137374+20]
	RtlUserThreadStart [0x00007FFC7867CC91+33]
</status>
</kw>
<kw name="Close Browser Session" owner="GenericResources" type="TEARDOWN">
<kw name="Close Browser" owner="SeleniumLibrary">
<doc>Closes the current browser.</doc>
<status status="PASS" start="2025-05-26T21:31:30.512389" elapsed="3.990409"/>
</kw>
<status status="PASS" start="2025-05-26T21:31:30.511789" elapsed="3.991428"/>
</kw>
<status status="FAIL" start="2025-05-26T21:31:23.261903" elapsed="11.244323">InvalidSelectorException: Message: invalid selector: Unable to locate an element with the xpath expression "//input[@id="continue"]" because of the following error:
SyntaxError: Failed to execute 'evaluate' on 'Document': The string '"//input[@id="continue"]"' is not a valid XPath expression.
  (Session info: chrome=136.0.7103.114); For documentation on this error, please visit: https://www.selenium.dev/documentation/webdriver/troubleshooting/errors#invalid-selector-exception
Stacktrace:
	GetHandleVerifier [0x00007FF67168CF45+75717]
	GetHandleVerifier [0x00007FF67168CFA0+75808]
	(No symbol) [0x00007FF671458F9A]
	(No symbol) [0x00007FF671460998]
	(No symbol) [0x00007FF671463A0C]
	(No symbol) [0x00007FF671463ADF]
	(No symbol) [0x00007FF6714AED77]
	(No symbol) [0x00007FF6714AF77C]
	(No symbol) [0x00007FF6715025A7]
	(No symbol) [0x00007FF6714D73BF]
	(No symbol) [0x00007FF6714FF39C]
	(No symbol) [0x00007FF6714D7153]
	(No symbol) [0x00007FF6714A0421]
	(No symbol) [0x00007FF6714A11B3]
	GetHandleVerifier [0x00007FF67198D71D+3223453]
	GetHandleVerifier [0x00007FF671987CC2+3200322]
	GetHandleVerifier [0x00007FF6719A5AF3+3322739]
	GetHandleVerifier [0x00007FF6716A6A1A+180890]
	GetHandleVerifier [0x00007FF6716AE11F+211359]
	GetHandleVerifier [0x00007FF671695294+109332]
	GetHandleVerifier [0x00007FF671695442+109762]
	GetHandleVerifier [0x00007FF67167BA59+4825]
	BaseThreadInitThunk [0x00007FFC77137374+20]
	RtlUserThreadStart [0x00007FFC7867CC91+33]
</status>
</test>
<test id="s1-s1-s1-t4" name="valid_checkout" line="17">
<kw name="Open the Browser with the URL" owner="GenericResources" type="SETUP">
<kw name="Evaluate" owner="BuiltIn">
<msg time="2025-05-26T21:31:34.567502" level="INFO">${options} = &lt;selenium.webdriver.chrome.options.Options object at 0x000002944F0B9810&gt;</msg>
<var>${options}</var>
<arg>sys.modules['selenium.webdriver'].ChromeOptions()</arg>
<arg>sys, selenium.webdriver</arg>
<doc>Evaluates the given expression in Python and returns the result.</doc>
<status status="PASS" start="2025-05-26T21:31:34.565515" elapsed="0.005024"/>
</kw>
<kw name="Call Method" owner="BuiltIn">
<arg>${options}</arg>
<arg>add_argument</arg>
<arg>--incognito</arg>
<doc>Calls the named method of the given object with the provided arguments.</doc>
<status status="PASS" start="2025-05-26T21:31:34.571743" elapsed="0.004747"/>
</kw>
<kw name="Call Method" owner="BuiltIn">
<arg>${options}</arg>
<arg>add_argument</arg>
<arg>--disable-extensions</arg>
<doc>Calls the named method of the given object with the provided arguments.</doc>
<status status="PASS" start="2025-05-26T21:31:34.578404" elapsed="0.000568"/>
</kw>
<kw name="Call Method" owner="BuiltIn">
<arg>${options}</arg>
<arg>add_argument</arg>
<arg>--disable-notifications</arg>
<doc>Calls the named method of the given object with the provided arguments.</doc>
<status status="PASS" start="2025-05-26T21:31:34.579819" elapsed="0.000467"/>
</kw>
<kw name="Call Method" owner="BuiltIn">
<arg>${options}</arg>
<arg>add_argument</arg>
<arg>--disable-popup-blocking</arg>
<doc>Calls the named method of the given object with the provided arguments.</doc>
<status status="PASS" start="2025-05-26T21:31:34.580968" elapsed="0.000650"/>
</kw>
<kw name="Call Method" owner="BuiltIn">
<arg>${options}</arg>
<arg>add_argument</arg>
<arg>--start-maximized</arg>
<doc>Calls the named method of the given object with the provided arguments.</doc>
<status status="PASS" start="2025-05-26T21:31:34.581966" elapsed="0.000481"/>
</kw>
<kw name="Evaluate" owner="BuiltIn">
<msg time="2025-05-26T21:31:34.583534" level="INFO">${prefs} = {'credentials_enable_service': False, 'profile.password_manager_enabled': False}</msg>
<var>${prefs}</var>
<arg>{"credentials_enable_service": False, "profile.password_manager_enabled": False}</arg>
<doc>Evaluates the given expression in Python and returns the result.</doc>
<status status="PASS" start="2025-05-26T21:31:34.582863" elapsed="0.000811"/>
</kw>
<kw name="Call Method" owner="BuiltIn">
<arg>${options}</arg>
<arg>add_experimental_option</arg>
<arg>prefs</arg>
<arg>${prefs}</arg>
<doc>Calls the named method of the given object with the provided arguments.</doc>
<status status="PASS" start="2025-05-26T21:31:34.584098" elapsed="0.004978"/>
</kw>
<kw name="Create Webdriver" owner="SeleniumLibrary">
<msg time="2025-05-26T21:31:34.591219" level="INFO">Creating an instance of the Chrome WebDriver.</msg>
<arg>Chrome</arg>
<arg>options=${options}</arg>
<doc>Creates an instance of Selenium WebDriver.</doc>
<status status="PASS" start="2025-05-26T21:31:34.589785" elapsed="2.157835"/>
</kw>
<kw name="Go To" owner="SeleniumLibrary">
<msg time="2025-05-26T21:31:36.748315" level="INFO">Opening url 'https://www.saucedemo.com/inventory.html'</msg>
<arg>${url}</arg>
<doc>Navigates the current browser window to the provided ``url``.</doc>
<status status="PASS" start="2025-05-26T21:31:36.748013" elapsed="2.029048"/>
</kw>
<status status="PASS" start="2025-05-26T21:31:34.562751" elapsed="4.215599"/>
</kw>
<kw name="Invalid checkout with">
<kw name="Valid Login" owner="GenericResources">
<kw name="Input Text" owner="SeleniumLibrary">
<msg time="2025-05-26T21:31:38.792918" level="INFO">Typing text 'standard_user' into text field 'id=user-name'.</msg>
<arg>id=user-name</arg>
<arg>${valid_uname}</arg>
<doc>Types the given ``text`` into the text field identified by ``locator``.</doc>
<status status="PASS" start="2025-05-26T21:31:38.792105" elapsed="0.466636"/>
</kw>
<kw name="Input Password" owner="SeleniumLibrary">
<msg time="2025-05-26T21:31:39.259913" level="INFO">Typing password into text field 'id=password'.</msg>
<msg time="2025-05-26T21:31:39.360529" level="INFO">Temporally setting log level to: NONE</msg>
<arg>id=password</arg>
<arg>${valid_pass}</arg>
<doc>Types the given password into the text field identified by ``locator``.</doc>
<status status="PASS" start="2025-05-26T21:31:39.259245" elapsed="0.403914"/>
</kw>
<kw name="Click Button" owner="SeleniumLibrary">
<msg time="2025-05-26T21:31:39.664409" level="INFO">Clicking button 'id=login-button'.</msg>
<arg>${login_btn}</arg>
<doc>Clicks the button identified by ``locator``.</doc>
<status status="PASS" start="2025-05-26T21:31:39.663773" elapsed="0.905020"/>
</kw>
<arg>${valid_uname}</arg>
<arg>${valid_pass}</arg>
<status status="PASS" start="2025-05-26T21:31:38.790918" elapsed="1.778121"/>
</kw>
<kw name="Verify the product page opens" owner="CheckoutResources">
<kw name="Element Should Contain" owner="SeleniumLibrary">
<msg time="2025-05-26T21:31:40.869464" level="INFO">Element 'xpath=//div[text()='Sauce Labs Backpack']' contains text 'Sauce Labs Backpack'.</msg>
<arg>${sauce_lab_bag}</arg>
<arg>Sauce Labs Backpack</arg>
<doc>Verifies that element ``locator`` contains text ``expected``.</doc>
<status status="PASS" start="2025-05-26T21:31:40.570131" elapsed="0.299643"/>
</kw>
<kw name="Click Button" owner="SeleniumLibrary">
<msg time="2025-05-26T21:31:40.870988" level="INFO">Clicking button 'xpath=//button[@id='add-to-cart-sauce-labs-backpack']'.</msg>
<arg>xpath=//button[@id='add-to-cart-sauce-labs-backpack']</arg>
<doc>Clicks the button identified by ``locator``.</doc>
<status status="PASS" start="2025-05-26T21:31:40.870336" elapsed="0.815091"/>
</kw>
<kw name="Click Element" owner="SeleniumLibrary">
<msg time="2025-05-26T21:31:41.686415" level="INFO">Clicking element 'class=shopping_cart_link'.</msg>
<arg>class=shopping_cart_link</arg>
<doc>Click the element identified by ``locator``.</doc>
<status status="PASS" start="2025-05-26T21:31:41.685888" elapsed="0.344800"/>
</kw>
<kw name="Sleep" owner="BuiltIn">
<msg time="2025-05-26T21:31:44.032558" level="INFO">Slept 2 seconds.</msg>
<arg>2</arg>
<doc>Pauses the test executed for the given time.</doc>
<status status="PASS" start="2025-05-26T21:31:42.031099" elapsed="2.001812"/>
</kw>
<kw name="Click Button" owner="SeleniumLibrary">
<msg time="2025-05-26T21:31:44.034165" level="INFO">Clicking button 'id=checkout'.</msg>
<arg>id=checkout</arg>
<doc>Clicks the button identified by ``locator``.</doc>
<status status="PASS" start="2025-05-26T21:31:44.033518" elapsed="0.295792"/>
</kw>
<status status="PASS" start="2025-05-26T21:31:40.569485" elapsed="3.760436"/>
</kw>
<kw name="Input Text" owner="SeleniumLibrary">
<msg time="2025-05-26T21:31:44.330718" level="INFO">Typing text 'sakthi' into text field 'xpath=//input[@id="first-name"]'.</msg>
<arg>xpath=//input[@id="first-name"]</arg>
<arg>${Firstname}</arg>
<doc>Types the given ``text`` into the text field identified by ``locator``.</doc>
<status status="PASS" start="2025-05-26T21:31:44.330256" elapsed="0.204728"/>
</kw>
<kw name="Input Text" owner="SeleniumLibrary">
<msg time="2025-05-26T21:31:44.535908" level="INFO">Typing text 'ravi' into text field 'xpath=//input[@id="last-name"]'.</msg>
<arg>xpath=//input[@id="last-name"]</arg>
<arg>${Lastname}</arg>
<doc>Types the given ``text`` into the text field identified by ``locator``.</doc>
<status status="PASS" start="2025-05-26T21:31:44.535426" elapsed="0.142335"/>
</kw>
<kw name="Input Text" owner="SeleniumLibrary">
<msg time="2025-05-26T21:31:44.678725" level="INFO">Typing text '123' into text field 'xpath=//input[@id="postal-code"]'.</msg>
<arg>xpath=//input[@id="postal-code"]</arg>
<arg>${Zipcode}</arg>
<doc>Types the given ``text`` into the text field identified by ``locator``.</doc>
<status status="PASS" start="2025-05-26T21:31:44.678297" elapsed="0.117181"/>
</kw>
<kw name="Click Button" owner="SeleniumLibrary">
<msg time="2025-05-26T21:31:44.796766" level="INFO">Clicking button 'xpath="//input[@id="continue"]"'.</msg>
<msg time="2025-05-26T21:31:45.120839" level="INFO" html="true">&lt;/td&gt;&lt;/tr&gt;&lt;tr&gt;&lt;td colspan="3"&gt;&lt;a href="selenium-screenshot-4.png"&gt;&lt;img src="selenium-screenshot-4.png" width="800px"&gt;&lt;/a&gt;</msg>
<msg time="2025-05-26T21:31:45.121182" level="FAIL">InvalidSelectorException: Message: invalid selector: Unable to locate an element with the xpath expression "//input[@id="continue"]" because of the following error:
SyntaxError: Failed to execute 'evaluate' on 'Document': The string '"//input[@id="continue"]"' is not a valid XPath expression.
  (Session info: chrome=136.0.7103.114); For documentation on this error, please visit: https://www.selenium.dev/documentation/webdriver/troubleshooting/errors#invalid-selector-exception
Stacktrace:
	GetHandleVerifier [0x00007FF67168CF45+75717]
	GetHandleVerifier [0x00007FF67168CFA0+75808]
	(No symbol) [0x00007FF671458F9A]
	(No symbol) [0x00007FF671460998]
	(No symbol) [0x00007FF671463A0C]
	(No symbol) [0x00007FF671463ADF]
	(No symbol) [0x00007FF6714AED77]
	(No symbol) [0x00007FF6714AF77C]
	(No symbol) [0x00007FF6715025A7]
	(No symbol) [0x00007FF6714D73BF]
	(No symbol) [0x00007FF6714FF39C]
	(No symbol) [0x00007FF6714D7153]
	(No symbol) [0x00007FF6714A0421]
	(No symbol) [0x00007FF6714A11B3]
	GetHandleVerifier [0x00007FF67198D71D+3223453]
	GetHandleVerifier [0x00007FF671987CC2+3200322]
	GetHandleVerifier [0x00007FF6719A5AF3+3322739]
	GetHandleVerifier [0x00007FF6716A6A1A+180890]
	GetHandleVerifier [0x00007FF6716AE11F+211359]
	GetHandleVerifier [0x00007FF671695294+109332]
	GetHandleVerifier [0x00007FF671695442+109762]
	GetHandleVerifier [0x00007FF67167BA59+4825]
	BaseThreadInitThunk [0x00007FFC77137374+20]
	RtlUserThreadStart [0x00007FFC7867CC91+33]
</msg>
<arg>xpath="//input[@id="continue"]"</arg>
<doc>Clicks the button identified by ``locator``.</doc>
<status status="FAIL" start="2025-05-26T21:31:44.795948" elapsed="0.332644">InvalidSelectorException: Message: invalid selector: Unable to locate an element with the xpath expression "//input[@id="continue"]" because of the following error:
SyntaxError: Failed to execute 'evaluate' on 'Document': The string '"//input[@id="continue"]"' is not a valid XPath expression.
  (Session info: chrome=136.0.7103.114); For documentation on this error, please visit: https://www.selenium.dev/documentation/webdriver/troubleshooting/errors#invalid-selector-exception
Stacktrace:
	GetHandleVerifier [0x00007FF67168CF45+75717]
	GetHandleVerifier [0x00007FF67168CFA0+75808]
	(No symbol) [0x00007FF671458F9A]
	(No symbol) [0x00007FF671460998]
	(No symbol) [0x00007FF671463A0C]
	(No symbol) [0x00007FF671463ADF]
	(No symbol) [0x00007FF6714AED77]
	(No symbol) [0x00007FF6714AF77C]
	(No symbol) [0x00007FF6715025A7]
	(No symbol) [0x00007FF6714D73BF]
	(No symbol) [0x00007FF6714FF39C]
	(No symbol) [0x00007FF6714D7153]
	(No symbol) [0x00007FF6714A0421]
	(No symbol) [0x00007FF6714A11B3]
	GetHandleVerifier [0x00007FF67198D71D+3223453]
	GetHandleVerifier [0x00007FF671987CC2+3200322]
	GetHandleVerifier [0x00007FF6719A5AF3+3322739]
	GetHandleVerifier [0x00007FF6716A6A1A+180890]
	GetHandleVerifier [0x00007FF6716AE11F+211359]
	GetHandleVerifier [0x00007FF671695294+109332]
	GetHandleVerifier [0x00007FF671695442+109762]
	GetHandleVerifier [0x00007FF67167BA59+4825]
	BaseThreadInitThunk [0x00007FFC77137374+20]
	RtlUserThreadStart [0x00007FFC7867CC91+33]
</status>
</kw>
<if>
<branch type="IF" condition="'${Firstname}' == ''">
<kw name="Verify the firstname required message" owner="CheckoutResources">
<status status="NOT RUN" start="2025-05-26T21:31:45.129400" elapsed="0.000102"/>
</kw>
<status status="NOT RUN" start="2025-05-26T21:31:45.128975" elapsed="0.000637"/>
</branch>
<branch type="ELSE IF" condition="'${Lastname}' == ''">
<kw name="Verify the lastname required message" owner="CheckoutResources">
<status status="NOT RUN" start="2025-05-26T21:31:45.130089" elapsed="0.000088"/>
</kw>
<status status="NOT RUN" start="2025-05-26T21:31:45.129740" elapsed="0.000547"/>
</branch>
<branch type="ELSE IF" condition="'${Zipcode}' == ''">
<kw name="Verify the zipcode required message" owner="CheckoutResources">
<status status="NOT RUN" start="2025-05-26T21:31:45.130726" elapsed="0.000088"/>
</kw>
<status status="NOT RUN" start="2025-05-26T21:31:45.130408" elapsed="0.000495"/>
</branch>
<branch type="ELSE">
<kw name="Verify the success checkout message" owner="CheckoutResources">
<status status="NOT RUN" start="2025-05-26T21:31:45.131257" elapsed="0.000085"/>
</kw>
<status status="NOT RUN" start="2025-05-26T21:31:45.130992" elapsed="0.000453"/>
</branch>
<status status="NOT RUN" start="2025-05-26T21:31:45.128908" elapsed="0.002620"/>
</if>
<arg>Firstname=sakthi</arg>
<arg>Lastname=ravi</arg>
<arg>Zipcode=123</arg>
<status status="FAIL" start="2025-05-26T21:31:38.789430" elapsed="6.342368">InvalidSelectorException: Message: invalid selector: Unable to locate an element with the xpath expression "//input[@id="continue"]" because of the following error:
SyntaxError: Failed to execute 'evaluate' on 'Document': The string '"//input[@id="continue"]"' is not a valid XPath expression.
  (Session info: chrome=136.0.7103.114); For documentation on this error, please visit: https://www.selenium.dev/documentation/webdriver/troubleshooting/errors#invalid-selector-exception
Stacktrace:
	GetHandleVerifier [0x00007FF67168CF45+75717]
	GetHandleVerifier [0x00007FF67168CFA0+75808]
	(No symbol) [0x00007FF671458F9A]
	(No symbol) [0x00007FF671460998]
	(No symbol) [0x00007FF671463A0C]
	(No symbol) [0x00007FF671463ADF]
	(No symbol) [0x00007FF6714AED77]
	(No symbol) [0x00007FF6714AF77C]
	(No symbol) [0x00007FF6715025A7]
	(No symbol) [0x00007FF6714D73BF]
	(No symbol) [0x00007FF6714FF39C]
	(No symbol) [0x00007FF6714D7153]
	(No symbol) [0x00007FF6714A0421]
	(No symbol) [0x00007FF6714A11B3]
	GetHandleVerifier [0x00007FF67198D71D+3223453]
	GetHandleVerifier [0x00007FF671987CC2+3200322]
	GetHandleVerifier [0x00007FF6719A5AF3+3322739]
	GetHandleVerifier [0x00007FF6716A6A1A+180890]
	GetHandleVerifier [0x00007FF6716AE11F+211359]
	GetHandleVerifier [0x00007FF671695294+109332]
	GetHandleVerifier [0x00007FF671695442+109762]
	GetHandleVerifier [0x00007FF67167BA59+4825]
	BaseThreadInitThunk [0x00007FFC77137374+20]
	RtlUserThreadStart [0x00007FFC7867CC91+33]
</status>
</kw>
<kw name="Close Browser Session" owner="GenericResources" type="TEARDOWN">
<kw name="Close Browser" owner="SeleniumLibrary">
<doc>Closes the current browser.</doc>
<status status="PASS" start="2025-05-26T21:31:45.133972" elapsed="4.678185"/>
</kw>
<status status="PASS" start="2025-05-26T21:31:45.133212" elapsed="4.679482"/>
</kw>
<status status="FAIL" start="2025-05-26T21:31:34.552750" elapsed="15.260751">InvalidSelectorException: Message: invalid selector: Unable to locate an element with the xpath expression "//input[@id="continue"]" because of the following error:
SyntaxError: Failed to execute 'evaluate' on 'Document': The string '"//input[@id="continue"]"' is not a valid XPath expression.
  (Session info: chrome=136.0.7103.114); For documentation on this error, please visit: https://www.selenium.dev/documentation/webdriver/troubleshooting/errors#invalid-selector-exception
Stacktrace:
	GetHandleVerifier [0x00007FF67168CF45+75717]
	GetHandleVerifier [0x00007FF67168CFA0+75808]
	(No symbol) [0x00007FF671458F9A]
	(No symbol) [0x00007FF671460998]
	(No symbol) [0x00007FF671463A0C]
	(No symbol) [0x00007FF671463ADF]
	(No symbol) [0x00007FF6714AED77]
	(No symbol) [0x00007FF6714AF77C]
	(No symbol) [0x00007FF6715025A7]
	(No symbol) [0x00007FF6714D73BF]
	(No symbol) [0x00007FF6714FF39C]
	(No symbol) [0x00007FF6714D7153]
	(No symbol) [0x00007FF6714A0421]
	(No symbol) [0x00007FF6714A11B3]
	GetHandleVerifier [0x00007FF67198D71D+3223453]
	GetHandleVerifier [0x00007FF671987CC2+3200322]
	GetHandleVerifier [0x00007FF6719A5AF3+3322739]
	GetHandleVerifier [0x00007FF6716A6A1A+180890]
	GetHandleVerifier [0x00007FF6716AE11F+211359]
	GetHandleVerifier [0x00007FF671695294+109332]
	GetHandleVerifier [0x00007FF671695442+109762]
	GetHandleVerifier [0x00007FF67167BA59+4825]
	BaseThreadInitThunk [0x00007FFC77137374+20]
	RtlUserThreadStart [0x00007FFC7867CC91+33]
</status>
</test>
<status status="FAIL" start="2025-05-26T21:30:28.275294" elapsed="81.559363"/>
</suite>
<suite id="s1-s1-s2" name="FilterTest" source="C:\Sauce_Robot_framework\Tests\FilterTest.robot">
<test id="s1-s1-s2-t1" name="Verify the different filter options" line="10">
<kw name="Open the Browser with the URL" owner="GenericResources" type="SETUP">
<kw name="Evaluate" owner="BuiltIn">
<msg time="2025-05-26T21:31:49.962983" level="INFO">${options} = &lt;selenium.webdriver.chrome.options.Options object at 0x000002944F0BBCE0&gt;</msg>
<var>${options}</var>
<arg>sys.modules['selenium.webdriver'].ChromeOptions()</arg>
<arg>sys, selenium.webdriver</arg>
<doc>Evaluates the given expression in Python and returns the result.</doc>
<status status="PASS" start="2025-05-26T21:31:49.962444" elapsed="0.000616"/>
</kw>
<kw name="Call Method" owner="BuiltIn">
<arg>${options}</arg>
<arg>add_argument</arg>
<arg>--incognito</arg>
<doc>Calls the named method of the given object with the provided arguments.</doc>
<status status="PASS" start="2025-05-26T21:31:49.963314" elapsed="0.000307"/>
</kw>
<kw name="Call Method" owner="BuiltIn">
<arg>${options}</arg>
<arg>add_argument</arg>
<arg>--disable-extensions</arg>
<doc>Calls the named method of the given object with the provided arguments.</doc>
<status status="PASS" start="2025-05-26T21:31:49.963912" elapsed="0.000313"/>
</kw>
<kw name="Call Method" owner="BuiltIn">
<arg>${options}</arg>
<arg>add_argument</arg>
<arg>--disable-notifications</arg>
<doc>Calls the named method of the given object with the provided arguments.</doc>
<status status="PASS" start="2025-05-26T21:31:49.964508" elapsed="0.000325"/>
</kw>
<kw name="Call Method" owner="BuiltIn">
<arg>${options}</arg>
<arg>add_argument</arg>
<arg>--disable-popup-blocking</arg>
<doc>Calls the named method of the given object with the provided arguments.</doc>
<status status="PASS" start="2025-05-26T21:31:49.965115" elapsed="0.000307"/>
</kw>
<kw name="Call Method" owner="BuiltIn">
<arg>${options}</arg>
<arg>add_argument</arg>
<arg>--start-maximized</arg>
<doc>Calls the named method of the given object with the provided arguments.</doc>
<status status="PASS" start="2025-05-26T21:31:49.965906" elapsed="0.000532"/>
</kw>
<kw name="Evaluate" owner="BuiltIn">
<msg time="2025-05-26T21:31:49.968016" level="INFO">${prefs} = {'credentials_enable_service': False, 'profile.password_manager_enabled': False}</msg>
<var>${prefs}</var>
<arg>{"credentials_enable_service": False, "profile.password_manager_enabled": False}</arg>
<doc>Evaluates the given expression in Python and returns the result.</doc>
<status status="PASS" start="2025-05-26T21:31:49.967311" elapsed="0.000814"/>
</kw>
<kw name="Call Method" owner="BuiltIn">
<arg>${options}</arg>
<arg>add_experimental_option</arg>
<arg>prefs</arg>
<arg>${prefs}</arg>
<doc>Calls the named method of the given object with the provided arguments.</doc>
<status status="PASS" start="2025-05-26T21:31:49.968520" elapsed="0.000597"/>
</kw>
<kw name="Create Webdriver" owner="SeleniumLibrary">
<msg time="2025-05-26T21:31:49.970403" level="INFO">Creating an instance of the Chrome WebDriver.</msg>
<arg>Chrome</arg>
<arg>options=${options}</arg>
<doc>Creates an instance of Selenium WebDriver.</doc>
<status status="PASS" start="2025-05-26T21:31:49.969856" elapsed="1.977526"/>
</kw>
<kw name="Go To" owner="SeleniumLibrary">
<msg time="2025-05-26T21:31:51.948712" level="INFO">Opening url 'https://www.saucedemo.com/inventory.html'</msg>
<arg>${url}</arg>
<doc>Navigates the current browser window to the provided ``url``.</doc>
<status status="PASS" start="2025-05-26T21:31:51.948204" elapsed="3.226713"/>
</kw>
<status status="PASS" start="2025-05-26T21:31:49.961624" elapsed="5.213741"/>
</kw>
<kw name="Valid Login" owner="GenericResources">
<kw name="Input Text" owner="SeleniumLibrary">
<msg time="2025-05-26T21:31:55.182810" level="INFO">Typing text 'standard_user' into text field 'id=user-name'.</msg>
<arg>id=user-name</arg>
<arg>${valid_uname}</arg>
<doc>Types the given ``text`` into the text field identified by ``locator``.</doc>
<status status="PASS" start="2025-05-26T21:31:55.181499" elapsed="0.525247"/>
</kw>
<kw name="Input Password" owner="SeleniumLibrary">
<msg time="2025-05-26T21:31:55.707844" level="INFO">Typing password into text field 'id=password'.</msg>
<msg time="2025-05-26T21:31:55.817740" level="INFO">Temporally setting log level to: NONE</msg>
<arg>id=password</arg>
<arg>${valid_pass}</arg>
<doc>Types the given password into the text field identified by ``locator``.</doc>
<status status="PASS" start="2025-05-26T21:31:55.707204" elapsed="0.197168"/>
</kw>
<kw name="Click Button" owner="SeleniumLibrary">
<msg time="2025-05-26T21:31:55.905234" level="INFO">Clicking button 'id=login-button'.</msg>
<arg>${login_btn}</arg>
<doc>Clicks the button identified by ``locator``.</doc>
<status status="PASS" start="2025-05-26T21:31:55.904733" elapsed="0.305843"/>
</kw>
<arg>${valid_uname}</arg>
<arg>${valid_pass}</arg>
<status status="PASS" start="2025-05-26T21:31:55.176903" elapsed="1.033906"/>
</kw>
<kw name="Click filter options Low to High" owner="FilterResources">
<kw name="Select From List By Index" owner="SeleniumLibrary">
<msg time="2025-05-26T21:31:56.228345" level="INFO">Selecting options from selection list 'class=product_sort_container' by index 2.</msg>
<arg>class=product_sort_container</arg>
<arg>2</arg>
<doc>Selects options from selection list ``locator`` by ``indexes``.</doc>
<status status="PASS" start="2025-05-26T21:31:56.227670" elapsed="0.444571"/>
</kw>
<kw name="Sleep" owner="BuiltIn">
<msg time="2025-05-26T21:32:01.678912" level="INFO">Slept 5 seconds.</msg>
<arg>5</arg>
<doc>Pauses the test executed for the given time.</doc>
<status status="PASS" start="2025-05-26T21:31:56.676735" elapsed="5.002441"/>
</kw>
<status status="PASS" start="2025-05-26T21:31:56.226116" elapsed="5.453403"/>
</kw>
<kw name="Verify products are sorted from price Low to High" owner="FilterResources">
<kw name="Create List" owner="BuiltIn">
<msg time="2025-05-26T21:32:01.682373" level="INFO">${Expected_lohi} = ['$7.99', '$9.99', '$15.99', '$15.99', '$29.99', '$49.99']</msg>
<var>${Expected_lohi}</var>
<arg>$7.99</arg>
<arg>$9.99</arg>
<arg>$15.99</arg>
<arg>$15.99</arg>
<arg>$29.99</arg>
<arg>$49.99</arg>
<doc>Returns a list containing given items.</doc>
<status status="PASS" start="2025-05-26T21:32:01.681846" elapsed="0.000620"/>
</kw>
<kw name="Get WebElements" owner="SeleniumLibrary">
<msg time="2025-05-26T21:32:01.717815" level="INFO">${actual_price} = [&lt;selenium.webdriver.remote.webelement.WebElement (session="2b793f4a304ef4072c9416b08b620dda", element="f.EDFF929EA3432504484753852870BCB2.d.5EAD058174D58B1100EC790DE5BAABD7.e.44")&gt;, &lt;selenium.webdriv...</msg>
<var>${actual_price}</var>
<arg>class=inventory_item_price</arg>
<doc>Returns a list of WebElement objects matching the ``locator``.</doc>
<status status="PASS" start="2025-05-26T21:32:01.682820" elapsed="0.035131"/>
</kw>
<kw name="Create List" owner="BuiltIn">
<msg time="2025-05-26T21:32:01.719300" level="INFO">${sorted_list} = []</msg>
<var>${sorted_list}</var>
<doc>Returns a list containing given items.</doc>
<status status="PASS" start="2025-05-26T21:32:01.718512" elapsed="0.001113"/>
</kw>
<for flavor="IN">
<iter>
<kw name="Get Text" owner="SeleniumLibrary">
<msg time="2025-05-26T21:32:01.775015" level="INFO">${text} = $7.99</msg>
<var>${text}</var>
<arg>${e}</arg>
<doc>Returns the text value of the element identified by ``locator``.</doc>
<status status="PASS" start="2025-05-26T21:32:01.723326" elapsed="0.051761"/>
</kw>
<kw name="Append To List" owner="Collections">
<arg>${sorted_list}</arg>
<arg>${text}</arg>
<doc>Adds ``values`` to the end of ``list``.</doc>
<status status="PASS" start="2025-05-26T21:32:01.775317" elapsed="0.000375"/>
</kw>
<var name="${e}">&lt;selenium.webdriver.remote.webelement.WebElement (session="2b793f4a304ef4072c9416b08b620dda", element="f.EDFF929EA3432504484753852870BCB2.d.5EAD058174D58B1100EC790DE5BAABD7.e.44")&gt;</var>
<status status="PASS" start="2025-05-26T21:32:01.722612" elapsed="0.053199"/>
</iter>
<iter>
<kw name="Get Text" owner="SeleniumLibrary">
<msg time="2025-05-26T21:32:01.790521" level="INFO">${text} = $9.99</msg>
<var>${text}</var>
<arg>${e}</arg>
<doc>Returns the text value of the element identified by ``locator``.</doc>
<status status="PASS" start="2025-05-26T21:32:01.776260" elapsed="0.014372"/>
</kw>
<kw name="Append To List" owner="Collections">
<arg>${sorted_list}</arg>
<arg>${text}</arg>
<doc>Adds ``values`` to the end of ``list``.</doc>
<status status="PASS" start="2025-05-26T21:32:01.791033" elapsed="0.000501"/>
</kw>
<var name="${e}">&lt;selenium.webdriver.remote.webelement.WebElement (session="2b793f4a304ef4072c9416b08b620dda", element="f.EDFF929EA3432504484753852870BCB2.d.5EAD058174D58B1100EC790DE5BAABD7.e.45")&gt;</var>
<status status="PASS" start="2025-05-26T21:32:01.776081" elapsed="0.015590"/>
</iter>
<iter>
<kw name="Get Text" owner="SeleniumLibrary">
<msg time="2025-05-26T21:32:01.807882" level="INFO">${text} = $15.99</msg>
<var>${text}</var>
<arg>${e}</arg>
<doc>Returns the text value of the element identified by ``locator``.</doc>
<status status="PASS" start="2025-05-26T21:32:01.792365" elapsed="0.015591"/>
</kw>
<kw name="Append To List" owner="Collections">
<arg>${sorted_list}</arg>
<arg>${text}</arg>
<doc>Adds ``values`` to the end of ``list``.</doc>
<status status="PASS" start="2025-05-26T21:32:01.808299" elapsed="0.000468"/>
</kw>
<var name="${e}">&lt;selenium.webdriver.remote.webelement.WebElement (session="2b793f4a304ef4072c9416b08b620dda", element="f.EDFF929EA3432504484753852870BCB2.d.5EAD058174D58B1100EC790DE5BAABD7.e.46")&gt;</var>
<status status="PASS" start="2025-05-26T21:32:01.792002" elapsed="0.017015"/>
</iter>
<iter>
<kw name="Get Text" owner="SeleniumLibrary">
<msg time="2025-05-26T21:32:01.825985" level="INFO">${text} = $15.99</msg>
<var>${text}</var>
<arg>${e}</arg>
<doc>Returns the text value of the element identified by ``locator``.</doc>
<status status="PASS" start="2025-05-26T21:32:01.809690" elapsed="0.016368"/>
</kw>
<kw name="Append To List" owner="Collections">
<arg>${sorted_list}</arg>
<arg>${text}</arg>
<doc>Adds ``values`` to the end of ``list``.</doc>
<status status="PASS" start="2025-05-26T21:32:01.826313" elapsed="0.000308"/>
</kw>
<var name="${e}">&lt;selenium.webdriver.remote.webelement.WebElement (session="2b793f4a304ef4072c9416b08b620dda", element="f.EDFF929EA3432504484753852870BCB2.d.5EAD058174D58B1100EC790DE5BAABD7.e.47")&gt;</var>
<status status="PASS" start="2025-05-26T21:32:01.809405" elapsed="0.017310"/>
</iter>
<iter>
<kw name="Get Text" owner="SeleniumLibrary">
<msg time="2025-05-26T21:32:01.841195" level="INFO">${text} = $29.99</msg>
<var>${text}</var>
<arg>${e}</arg>
<doc>Returns the text value of the element identified by ``locator``.</doc>
<status status="PASS" start="2025-05-26T21:32:01.827070" elapsed="0.014237"/>
</kw>
<kw name="Append To List" owner="Collections">
<arg>${sorted_list}</arg>
<arg>${text}</arg>
<doc>Adds ``values`` to the end of ``list``.</doc>
<status status="PASS" start="2025-05-26T21:32:01.841666" elapsed="0.000451"/>
</kw>
<var name="${e}">&lt;selenium.webdriver.remote.webelement.WebElement (session="2b793f4a304ef4072c9416b08b620dda", element="f.EDFF929EA3432504484753852870BCB2.d.5EAD058174D58B1100EC790DE5BAABD7.e.48")&gt;</var>
<status status="PASS" start="2025-05-26T21:32:01.826916" elapsed="0.015334"/>
</iter>
<iter>
<kw name="Get Text" owner="SeleniumLibrary">
<msg time="2025-05-26T21:32:01.860325" level="INFO">${text} = $49.99</msg>
<var>${text}</var>
<arg>${e}</arg>
<doc>Returns the text value of the element identified by ``locator``.</doc>
<status status="PASS" start="2025-05-26T21:32:01.842718" elapsed="0.017722"/>
</kw>
<kw name="Append To List" owner="Collections">
<arg>${sorted_list}</arg>
<arg>${text}</arg>
<doc>Adds ``values`` to the end of ``list``.</doc>
<status status="PASS" start="2025-05-26T21:32:01.860825" elapsed="0.000526"/>
</kw>
<var name="${e}">&lt;selenium.webdriver.remote.webelement.WebElement (session="2b793f4a304ef4072c9416b08b620dda", element="f.EDFF929EA3432504484753852870BCB2.d.5EAD058174D58B1100EC790DE5BAABD7.e.49")&gt;</var>
<status status="PASS" start="2025-05-26T21:32:01.842499" elapsed="0.019046"/>
</iter>
<var>${e}</var>
<value>@{actual_price}</value>
<status status="PASS" start="2025-05-26T21:32:01.720711" elapsed="0.141001"/>
</for>
<kw name="Lists Should Be Equal" owner="Collections">
<arg>${Expected_lohi}</arg>
<arg>${sorted_list}</arg>
<doc>Fails if given lists are unequal.</doc>
<status status="PASS" start="2025-05-26T21:32:01.862066" elapsed="0.000448"/>
</kw>
<status status="PASS" start="2025-05-26T21:32:01.680972" elapsed="0.181710"/>
</kw>
<kw name="Click filter options High to Low" owner="FilterResources">
<kw name="Select From List By Index" owner="SeleniumLibrary">
<msg time="2025-05-26T21:32:01.864852" level="INFO">Selecting options from selection list 'class=product_sort_container' by index 3.</msg>
<arg>class=product_sort_container</arg>
<arg>3</arg>
<doc>Selects options from selection list ``locator`` by ``indexes``.</doc>
<status status="PASS" start="2025-05-26T21:32:01.864451" elapsed="0.146379"/>
</kw>
<kw name="Sleep" owner="BuiltIn">
<msg time="2025-05-26T21:32:07.012029" level="INFO">Slept 5 seconds.</msg>
<arg>5</arg>
<doc>Pauses the test executed for the given time.</doc>
<status status="PASS" start="2025-05-26T21:32:02.011506" elapsed="5.000728"/>
</kw>
<status status="PASS" start="2025-05-26T21:32:01.863552" elapsed="5.148932"/>
</kw>
<kw name="Verify products are sorted from price High to Low" owner="FilterResources">
<kw name="Create List" owner="BuiltIn">
<msg time="2025-05-26T21:32:07.033703" level="INFO">${Expected_lohi} = ['$7.99', '$9.99', '$15.99', '$15.99', '$29.99', '$49.99']</msg>
<var>${Expected_lohi}</var>
<arg>$7.99</arg>
<arg>$9.99</arg>
<arg>$15.99</arg>
<arg>$15.99</arg>
<arg>$29.99</arg>
<arg>$49.99</arg>
<doc>Returns a list containing given items.</doc>
<status status="PASS" start="2025-05-26T21:32:07.023358" elapsed="0.010468"/>
</kw>
<kw name="Copy List" owner="Collections">
[...]
<status status="NOT RUN" start="2025-05-26T21:34:22.471584" elapsed="0.000052"/>
</kw>
<status status="NOT RUN" start="2025-05-26T21:34:22.471371" elapsed="0.000318"/>
</branch>
<branch type="ELSE IF" condition="'${Password}' == '123'">
<kw name="Verify wrong password error message" owner="LoginResources">
<status status="NOT RUN" start="2025-05-26T21:34:22.471946" elapsed="0.000114"/>
</kw>
<status status="NOT RUN" start="2025-05-26T21:34:22.471742" elapsed="0.000414"/>
</branch>
<branch type="ELSE">
<kw name="Verify the successful login" owner="LoginResources">
<status status="NOT RUN" start="2025-05-26T21:34:22.472513" elapsed="0.000075"/>
</kw>
<status status="NOT RUN" start="2025-05-26T21:34:22.472244" elapsed="0.000430"/>
</branch>
<status status="PASS" start="2025-05-26T21:34:22.396813" elapsed="0.075938"/>
</if>
<arg>Username=</arg>
<arg>Password=secret_sauce</arg>
<status status="PASS" start="2025-05-26T21:34:16.881293" elapsed="5.591590"/>
</kw>
<kw name="Close Browser Session" owner="GenericResources" type="TEARDOWN">
<kw name="Close Browser" owner="SeleniumLibrary">
<doc>Closes the current browser.</doc>
<status status="PASS" start="2025-05-26T21:34:22.474504" elapsed="2.317329"/>
</kw>
<status status="PASS" start="2025-05-26T21:34:22.473873" elapsed="2.318484"/>
</kw>
<status status="PASS" start="2025-05-26T21:34:14.533055" elapsed="10.260202"/>
</test>
<test id="s1-s1-s3-t7" name="Validate different login in saucedemo" line="15">
<kw name="Open the Browser with the URL" owner="GenericResources" type="SETUP">
<kw name="Evaluate" owner="BuiltIn">
<msg time="2025-05-26T21:34:24.806725" level="INFO">${options} = &lt;selenium.webdriver.chrome.options.Options object at 0x00000294579BB7A0&gt;</msg>
<var>${options}</var>
<arg>sys.modules['selenium.webdriver'].ChromeOptions()</arg>
<arg>sys, selenium.webdriver</arg>
<doc>Evaluates the given expression in Python and returns the result.</doc>
<status status="PASS" start="2025-05-26T21:34:24.805334" elapsed="0.002089"/>
</kw>
<kw name="Call Method" owner="BuiltIn">
<arg>${options}</arg>
<arg>add_argument</arg>
<arg>--incognito</arg>
<doc>Calls the named method of the given object with the provided arguments.</doc>
<status status="PASS" start="2025-05-26T21:34:24.808379" elapsed="0.001123"/>
</kw>
<kw name="Call Method" owner="BuiltIn">
<arg>${options}</arg>
<arg>add_argument</arg>
<arg>--disable-extensions</arg>
<doc>Calls the named method of the given object with the provided arguments.</doc>
<status status="PASS" start="2025-05-26T21:34:24.810344" elapsed="0.001164"/>
</kw>
<kw name="Call Method" owner="BuiltIn">
<arg>${options}</arg>
<arg>add_argument</arg>
<arg>--disable-notifications</arg>
<doc>Calls the named method of the given object with the provided arguments.</doc>
<status status="PASS" start="2025-05-26T21:34:24.825889" elapsed="0.000829"/>
</kw>
<kw name="Call Method" owner="BuiltIn">
<arg>${options}</arg>
<arg>add_argument</arg>
<arg>--disable-popup-blocking</arg>
<doc>Calls the named method of the given object with the provided arguments.</doc>
<status status="PASS" start="2025-05-26T21:34:24.827341" elapsed="0.000668"/>
</kw>
<kw name="Call Method" owner="BuiltIn">
<arg>${options}</arg>
<arg>add_argument</arg>
<arg>--start-maximized</arg>
<doc>Calls the named method of the given object with the provided arguments.</doc>
<status status="PASS" start="2025-05-26T21:34:24.828571" elapsed="0.000645"/>
</kw>
<kw name="Evaluate" owner="BuiltIn">
<msg time="2025-05-26T21:34:24.830504" level="INFO">${prefs} = {'credentials_enable_service': False, 'profile.password_manager_enabled': False}</msg>
<var>${prefs}</var>
<arg>{"credentials_enable_service": False, "profile.password_manager_enabled": False}</arg>
<doc>Evaluates the given expression in Python and returns the result.</doc>
<status status="PASS" start="2025-05-26T21:34:24.829785" elapsed="0.000844"/>
</kw>
<kw name="Call Method" owner="BuiltIn">
<arg>${options}</arg>
<arg>add_experimental_option</arg>
<arg>prefs</arg>
<arg>${prefs}</arg>
<doc>Calls the named method of the given object with the provided arguments.</doc>
<status status="PASS" start="2025-05-26T21:34:24.831038" elapsed="0.000581"/>
</kw>
<kw name="Create Webdriver" owner="SeleniumLibrary">
<msg time="2025-05-26T21:34:24.832647" level="INFO">Creating an instance of the Chrome WebDriver.</msg>
<arg>Chrome</arg>
<arg>options=${options}</arg>
<doc>Creates an instance of Selenium WebDriver.</doc>
<status status="PASS" start="2025-05-26T21:34:24.832095" elapsed="1.786995"/>
</kw>
<kw name="Go To" owner="SeleniumLibrary">
<msg time="2025-05-26T21:34:26.619859" level="INFO">Opening url 'https://www.saucedemo.com/inventory.html'</msg>
<arg>${url}</arg>
<doc>Navigates the current browser window to the provided ``url``.</doc>
<status status="PASS" start="2025-05-26T21:34:26.619509" elapsed="0.169446"/>
</kw>
<status status="PASS" start="2025-05-26T21:34:24.804046" elapsed="1.985448"/>
</kw>
<kw name="Validate different login in saucedemo">
<kw name="Fill the login form" owner="LoginResources">
<kw name="Sleep" owner="BuiltIn">
<msg time="2025-05-26T21:34:31.810116" level="INFO">Slept 5 seconds.</msg>
<arg>5</arg>
<doc>Pauses the test executed for the given time.</doc>
<status status="PASS" start="2025-05-26T21:34:26.809271" elapsed="5.001197"/>
</kw>
<kw name="Input Text" owner="SeleniumLibrary">
<msg time="2025-05-26T21:34:31.812087" level="INFO">Typing text 'standard_user' into text field 'id=user-name'.</msg>
<arg>id=user-name</arg>
<arg>${Username}</arg>
<doc>Types the given ``text`` into the text field identified by ``locator``.</doc>
<status status="PASS" start="2025-05-26T21:34:31.811137" elapsed="0.229904"/>
</kw>
<kw name="Input Password" owner="SeleniumLibrary">
<msg time="2025-05-26T21:34:32.041803" level="INFO">Typing password into text field 'id=password'.</msg>
<msg time="2025-05-26T21:34:32.101892" level="INFO">Temporally setting log level to: NONE</msg>
<arg>id=password</arg>
<arg>${Password}</arg>
<doc>Types the given password into the text field identified by ``locator``.</doc>
<status status="PASS" start="2025-05-26T21:34:32.041394" elapsed="0.126545"/>
</kw>
<kw name="Click Button" owner="SeleniumLibrary">
<msg time="2025-05-26T21:34:32.168510" level="INFO">Clicking button 'id=login-button'.</msg>
<arg>${login_btn}</arg>
<doc>Clicks the button identified by ``locator``.</doc>
<status status="PASS" start="2025-05-26T21:34:32.168200" elapsed="0.134074"/>
</kw>
<arg>${Username}</arg>
<arg>${Password}</arg>
<status status="PASS" start="2025-05-26T21:34:26.807597" elapsed="5.494987"/>
</kw>
<if>
<branch type="IF" condition="'${Username}' == 'locked_out_user'">
<kw name="Verify error message" owner="LoginResources">
<status status="NOT RUN" start="2025-05-26T21:34:32.303243" elapsed="0.000094"/>
</kw>
<status status="NOT RUN" start="2025-05-26T21:34:32.302813" elapsed="0.000643"/>
</branch>
<branch type="ELSE IF" condition="'${Username}' == '' and '${Password}' == 'secret_sauce'">
<kw name="Verify blank username error message" owner="LoginResources">
<status status="NOT RUN" start="2025-05-26T21:34:32.304389" elapsed="0.000132"/>
</kw>
<status status="NOT RUN" start="2025-05-26T21:34:32.303605" elapsed="0.001025"/>
</branch>
<branch type="ELSE IF" condition="'${Username}' == 'standard_user' and '${Password}' == ''">
<kw name="Verify blank password error message" owner="LoginResources">
<kw name="Wait Until Element Is Visible" owner="SeleniumLibrary">
<arg>${blank_pass_error}</arg>
<arg>10s</arg>
<doc>Waits until the element ``locator`` is visible.</doc>
<status status="PASS" start="2025-05-26T21:34:32.305761" elapsed="0.054997"/>
</kw>
<kw name="Element Text Should Be" owner="SeleniumLibrary">
<msg time="2025-05-26T21:34:32.361660" level="INFO">Verifying element 'xpath=//h3[@data-test="error"]' contains exact text 'Epic sadface: Password is required'.</msg>
<arg>${blank_pass_error}</arg>
<arg>Epic sadface: Password is required</arg>
<doc>Verifies that element ``locator`` contains exact the text ``expected``.</doc>
<status status="PASS" start="2025-05-26T21:34:32.361195" elapsed="0.031703"/>
</kw>
<status status="PASS" start="2025-05-26T21:34:32.305235" elapsed="0.087820"/>
</kw>
<status status="PASS" start="2025-05-26T21:34:32.304717" elapsed="0.088398"/>
</branch>
<branch type="ELSE IF" condition="'${Password}' == '123'">
<kw name="Verify wrong password error message" owner="LoginResources">
<status status="NOT RUN" start="2025-05-26T21:34:32.393377" elapsed="0.000048"/>
</kw>
<status status="NOT RUN" start="2025-05-26T21:34:32.393172" elapsed="0.000304"/>
</branch>
<branch type="ELSE">
<kw name="Verify the successful login" owner="LoginResources">
<status status="NOT RUN" start="2025-05-26T21:34:32.393665" elapsed="0.000060"/>
</kw>
<status status="NOT RUN" start="2025-05-26T21:34:32.393523" elapsed="0.000285"/>
</branch>
<status status="PASS" start="2025-05-26T21:34:32.302757" elapsed="0.091130"/>
</if>
<arg>Username=standard_user</arg>
<arg>Password=</arg>
<status status="PASS" start="2025-05-26T21:34:26.803952" elapsed="5.590056"/>
</kw>
<kw name="Close Browser Session" owner="GenericResources" type="TEARDOWN">
<kw name="Close Browser" owner="SeleniumLibrary">
<doc>Closes the current browser.</doc>
<status status="PASS" start="2025-05-26T21:34:32.395626" elapsed="6.455804"/>
</kw>
<status status="PASS" start="2025-05-26T21:34:32.395029" elapsed="6.456881"/>
</kw>
<status status="PASS" start="2025-05-26T21:34:24.796758" elapsed="14.055973"/>
</test>
<test id="s1-s1-s3-t8" name="Validate different login in saucedemo" line="15">
<kw name="Open the Browser with the URL" owner="GenericResources" type="SETUP">
<kw name="Evaluate" owner="BuiltIn">
<msg time="2025-05-26T21:34:38.868832" level="INFO">${options} = &lt;selenium.webdriver.chrome.options.Options object at 0x0000029457A4A890&gt;</msg>
<var>${options}</var>
<arg>sys.modules['selenium.webdriver'].ChromeOptions()</arg>
<arg>sys, selenium.webdriver</arg>
<doc>Evaluates the given expression in Python and returns the result.</doc>
<status status="PASS" start="2025-05-26T21:34:38.867696" elapsed="0.001350"/>
</kw>
<kw name="Call Method" owner="BuiltIn">
<arg>${options}</arg>
<arg>add_argument</arg>
<arg>--incognito</arg>
<doc>Calls the named method of the given object with the provided arguments.</doc>
<status status="PASS" start="2025-05-26T21:34:38.869658" elapsed="0.000592"/>
</kw>
<kw name="Call Method" owner="BuiltIn">
<arg>${options}</arg>
<arg>add_argument</arg>
<arg>--disable-extensions</arg>
<doc>Calls the named method of the given object with the provided arguments.</doc>
<status status="PASS" start="2025-05-26T21:34:38.870650" elapsed="0.000677"/>
</kw>
<kw name="Call Method" owner="BuiltIn">
<arg>${options}</arg>
<arg>add_argument</arg>
<arg>--disable-notifications</arg>
<doc>Calls the named method of the given object with the provided arguments.</doc>
<status status="PASS" start="2025-05-26T21:34:38.871743" elapsed="0.000568"/>
</kw>
<kw name="Call Method" owner="BuiltIn">
<arg>${options}</arg>
<arg>add_argument</arg>
<arg>--disable-popup-blocking</arg>
<doc>Calls the named method of the given object with the provided arguments.</doc>
<status status="PASS" start="2025-05-26T21:34:38.872720" elapsed="0.000422"/>
</kw>
<kw name="Call Method" owner="BuiltIn">
<arg>${options}</arg>
<arg>add_argument</arg>
<arg>--start-maximized</arg>
<doc>Calls the named method of the given object with the provided arguments.</doc>
<status status="PASS" start="2025-05-26T21:34:38.873387" elapsed="0.000589"/>
</kw>
<kw name="Evaluate" owner="BuiltIn">
<msg time="2025-05-26T21:34:38.874894" level="INFO">${prefs} = {'credentials_enable_service': False, 'profile.password_manager_enabled': False}</msg>
<var>${prefs}</var>
<arg>{"credentials_enable_service": False, "profile.password_manager_enabled": False}</arg>
<doc>Evaluates the given expression in Python and returns the result.</doc>
<status status="PASS" start="2025-05-26T21:34:38.874388" elapsed="0.000588"/>
</kw>
<kw name="Call Method" owner="BuiltIn">
<arg>${options}</arg>
<arg>add_experimental_option</arg>
<arg>prefs</arg>
<arg>${prefs}</arg>
<doc>Calls the named method of the given object with the provided arguments.</doc>
<status status="PASS" start="2025-05-26T21:34:38.875226" elapsed="0.000351"/>
</kw>
<kw name="Create Webdriver" owner="SeleniumLibrary">
<msg time="2025-05-26T21:34:38.876189" level="INFO">Creating an instance of the Chrome WebDriver.</msg>
<arg>Chrome</arg>
<arg>options=${options}</arg>
<doc>Creates an instance of Selenium WebDriver.</doc>
<status status="PASS" start="2025-05-26T21:34:38.875854" elapsed="1.970075"/>
</kw>
<kw name="Go To" owner="SeleniumLibrary">
<msg time="2025-05-26T21:34:40.846653" level="INFO">Opening url 'https://www.saucedemo.com/inventory.html'</msg>
<arg>${url}</arg>
<doc>Navigates the current browser window to the provided ``url``.</doc>
<status status="PASS" start="2025-05-26T21:34:40.846284" elapsed="1.832730"/>
</kw>
<status status="PASS" start="2025-05-26T21:34:38.865912" elapsed="3.814318"/>
</kw>
<kw name="Validate different login in saucedemo">
<kw name="Fill the login form" owner="LoginResources">
<kw name="Sleep" owner="BuiltIn">
<msg time="2025-05-26T21:34:47.689305" level="INFO">Slept 5 seconds.</msg>
<arg>5</arg>
<doc>Pauses the test executed for the given time.</doc>
<status status="PASS" start="2025-05-26T21:34:42.686476" elapsed="5.003179"/>
</kw>
<kw name="Input Text" owner="SeleniumLibrary">
<msg time="2025-05-26T21:34:47.691109" level="INFO">Typing text 'standard_user' into text field 'id=user-name'.</msg>
<arg>id=user-name</arg>
<arg>${Username}</arg>
<doc>Types the given ``text`` into the text field identified by ``locator``.</doc>
<status status="PASS" start="2025-05-26T21:34:47.690272" elapsed="0.263393"/>
</kw>
<kw name="Input Password" owner="SeleniumLibrary">
<msg time="2025-05-26T21:34:47.954532" level="INFO">Typing password into text field 'id=password'.</msg>
<msg time="2025-05-26T21:34:48.013854" level="INFO">Temporally setting log level to: NONE</msg>
<arg>id=password</arg>
<arg>${Password}</arg>
<doc>Types the given password into the text field identified by ``locator``.</doc>
<status status="PASS" start="2025-05-26T21:34:47.954141" elapsed="0.155775"/>
</kw>
<kw name="Click Button" owner="SeleniumLibrary">
<msg time="2025-05-26T21:34:48.110520" level="INFO">Clicking button 'id=login-button'.</msg>
<arg>${login_btn}</arg>
<doc>Clicks the button identified by ``locator``.</doc>
<status status="PASS" start="2025-05-26T21:34:48.110128" elapsed="0.155797"/>
</kw>
<arg>${Username}</arg>
<arg>${Password}</arg>
<status status="PASS" start="2025-05-26T21:34:42.684517" elapsed="5.581548"/>
</kw>
<if>
<branch type="IF" condition="'${Username}' == 'locked_out_user'">
<kw name="Verify error message" owner="LoginResources">
<status status="NOT RUN" start="2025-05-26T21:34:48.266771" elapsed="0.000055"/>
</kw>
<status status="NOT RUN" start="2025-05-26T21:34:48.266215" elapsed="0.000673"/>
</branch>
<branch type="ELSE IF" condition="'${Username}' == '' and '${Password}' == 'secret_sauce'">
<kw name="Verify blank username error message" owner="LoginResources">
<status status="NOT RUN" start="2025-05-26T21:34:48.267380" elapsed="0.000052"/>
</kw>
<status status="NOT RUN" start="2025-05-26T21:34:48.266950" elapsed="0.000542"/>
</branch>
<branch type="ELSE IF" condition="'${Username}' == 'standard_user' and '${Password}' == ''">
<kw name="Verify blank password error message" owner="LoginResources">
<status status="NOT RUN" start="2025-05-26T21:34:48.267926" elapsed="0.000056"/>
</kw>
<status status="NOT RUN" start="2025-05-26T21:34:48.267551" elapsed="0.000510"/>
</branch>
<branch type="ELSE IF" condition="'${Password}' == '123'">
<kw name="Verify wrong password error message" owner="LoginResources">
<kw name="Wait Until Element Is Visible" owner="SeleniumLibrary">
<arg>${wrong_pass_error}</arg>
<arg>10s</arg>
<doc>Waits until the element ``locator`` is visible.</doc>
<status status="PASS" start="2025-05-26T21:34:48.268869" elapsed="0.039166"/>
</kw>
<kw name="Element Text Should Be" owner="SeleniumLibrary">
<msg time="2025-05-26T21:34:48.308852" level="INFO">Verifying element 'xpath=//h3[@data-test="error"]' contains exact text 'Epic sadface: Username and password do not match any user in this service'.</msg>
<arg>${wrong_pass_error}</arg>
<arg>Epic sadface: Username and password do not match any user in this service</arg>
<doc>Verifies that element ``locator`` contains exact the text ``expected``.</doc>
<status status="PASS" start="2025-05-26T21:34:48.308306" elapsed="0.042295"/>
</kw>
<status status="PASS" start="2025-05-26T21:34:48.268499" elapsed="0.082299"/>
</kw>
<status status="PASS" start="2025-05-26T21:34:48.268167" elapsed="0.082712"/>
</branch>
<branch type="ELSE">
<kw name="Verify the successful login" owner="LoginResources">
<status status="NOT RUN" start="2025-05-26T21:34:48.351375" elapsed="0.000093"/>
</kw>
<status status="NOT RUN" start="2025-05-26T21:34:48.350962" elapsed="0.000610"/>
</branch>
<status status="PASS" start="2025-05-26T21:34:48.266174" elapsed="0.085491"/>
</if>
<arg>Username=standard_user</arg>
<arg>Password=123</arg>
<status status="PASS" start="2025-05-26T21:34:42.682948" elapsed="5.668849"/>
</kw>
<kw name="Close Browser Session" owner="GenericResources" type="TEARDOWN">
<kw name="Close Browser" owner="SeleniumLibrary">
<doc>Closes the current browser.</doc>
<status status="PASS" start="2025-05-26T21:34:48.353335" elapsed="2.245682"/>
</kw>
<status status="PASS" start="2025-05-26T21:34:48.352844" elapsed="2.246780"/>
</kw>
<status status="PASS" start="2025-05-26T21:34:38.856546" elapsed="11.744141"/>
</test>
<status status="FAIL" start="2025-05-26T21:32:09.559206" elapsed="161.046533"/>
</suite>
<status status="FAIL" start="2025-05-26T21:30:28.272435" elapsed="262.342413"/>
</suite>
<status status="FAIL" start="2025-05-26T21:30:28.235366" elapsed="262.387864"/>
</suite>
<statistics>
<total>
<stat pass="8" fail="5" skip="0">All Tests</stat>
</total>
<tag>
</tag>
<suite>
<stat name="Sauce Robot framework" id="s1" pass="8" fail="5" skip="0">Sauce Robot framework</stat>
<stat name="Tests" id="s1-s1" pass="8" fail="5" skip="0">Sauce Robot framework.Tests</stat>
<stat name="CheckoutTest" id="s1-s1-s1" pass="0" fail="4" skip="0">Sauce Robot framework.Tests.CheckoutTest</stat>
<stat name="FilterTest" id="s1-s1-s2" pass="1" fail="0" skip="0">Sauce Robot framework.Tests.FilterTest</stat>
<stat name="LoginTest" id="s1-s1-s3" pass="7" fail="1" skip="0">Sauce Robot framework.Tests.LoginTest</stat>
</suite>
</statistics>
<errors>
<msg time="2025-05-26T21:32:35.754516" level="WARN">Multiple tests with name 'Validate different login in saucedemo' executed in suite 'Sauce Robot framework.Tests.LoginTest'.</msg>
<msg time="2025-05-26T21:32:48.596093" level="WARN">Multiple tests with name 'Validate different login in saucedemo' executed in suite 'Sauce Robot framework.Tests.LoginTest'.</msg>
<msg time="2025-05-26T21:33:52.980844" level="WARN">Multiple tests with name 'Validate different login in saucedemo' executed in suite 'Sauce Robot framework.Tests.LoginTest'.</msg>
<msg time="2025-05-26T21:34:03.238926" level="WARN">Multiple tests with name 'Validate different login in saucedemo' executed in suite 'Sauce Robot framework.Tests.LoginTest'.</msg>
<msg time="2025-05-26T21:34:14.533189" level="WARN">Multiple tests with name 'Validate different login in saucedemo' executed in suite 'Sauce Robot framework.Tests.LoginTest'.</msg>
<msg time="2025-05-26T21:34:24.796915" level="WARN">Multiple tests with name 'Validate different login in saucedemo' executed in suite 'Sauce Robot framework.Tests.LoginTest'.</msg>
<msg time="2025-05-26T21:34:38.856686" level="WARN">Multiple tests with name 'Validate different login in saucedemo' executed in suite 'Sauce Robot framework.Tests.LoginTest'.</msg>
</errors>
</robot>
